23:53:22.773 [main                     ] DEBUG Logger               - Configured Logger
23:53:22.792 [main                     ] DEBUG GameApplication      - Logging settings
Title: Dinsdag 12:25
Version: 1.3
Width: 1080
Height: 1080
Fullscreen: false
Intro: false
Profiling: false
Single step:false
App Mode: DEVELOPER
Menu Key: ESCAPE
Stage Style: DECORATED
Scene Factory: class com.almasb.fxgl.app.scene.SceneFactory

23:53:23.131 [JavaFX Application Thread] DEBUG FXGLApplication      - Initializing FXGL
23:53:23.134 [JavaFX Application Thread] INFO  Engine               - FXGL-17.2 (20.08.2022 16.50) on WINDOWS (J:20 FX:20-ea)
23:53:23.135 [JavaFX Application Thread] DEBUG Engine               - JRE Vendor Name: Oracle Corporation
23:53:23.135 [JavaFX Application Thread] DEBUG Engine               - Running on OS: Windows 11 version 10.0
23:53:23.135 [JavaFX Application Thread] DEBUG Engine               - Architecture: amd64
23:53:23.135 [JavaFX Application Thread] INFO  Engine               - Source code and latest versions at: https://github.com/AlmasB/FXGL
23:53:23.135 [JavaFX Application Thread] INFO  Engine               -       Ask questions and discuss at: https://github.com/AlmasB/FXGL/discussions
23:53:23.135 [JavaFX Application Thread] INFO  Engine               -              Join the FXGL chat at: https://gitter.im/AlmasB/FXGL
23:53:23.223 [JavaFX Application Thread] DEBUG PrimaryStageWindow   - Creating a JavaFX scene
23:53:23.260 [JavaFX Application Thread] DEBUG PrimaryStageWindow   - Target settings size: 1080.0 x 1080.0
23:53:23.260 [JavaFX Application Thread] DEBUG PrimaryStageWindow   - Scaled scene size:    1080.0 x 1080.0
23:53:23.260 [JavaFX Application Thread] DEBUG PrimaryStageWindow   - Scaled ratio: (1.0, 1.0)
23:53:23.261 [JavaFX Application Thread] DEBUG PrimaryStageWindow   - Set initial scene to FXGLStartupScene
23:53:23.264 [JavaFX Application Thread] DEBUG PrimaryStageWindow   - Opening main window
23:53:23.333 [JavaFX Application Thread] DEBUG PrimaryStageWindow   - Window border size: (16.0, 39.0)
23:53:23.333 [JavaFX Application Thread] DEBUG PrimaryStageWindow   - Scaled size: 1080.0 x 1080.0
23:53:23.333 [JavaFX Application Thread] DEBUG PrimaryStageWindow   - Scaled ratio: (1.0, 1.0)
23:53:23.333 [JavaFX Application Thread] DEBUG PrimaryStageWindow   - Scene size: 1080.0 x 1080.0
23:53:23.333 [JavaFX Application Thread] DEBUG PrimaryStageWindow   - Stage size: 1096.0 x 1119.0
23:53:23.340 [FXGL Background Thread 1 ] DEBUG Engine               - Initializing environment variables
23:53:23.382 [FXGL Background Thread 1 ] DEBUG FXGLAssetLoaderServi - User app class for loading assets: class com.example.challengeweeksegoed.Game
23:53:23.382 [FXGL Background Thread 1 ] DEBUG GameApplicationServi - Applying CSS: fxgl_dark.css
23:53:23.383 [FXGL Background Thread 1 ] DEBUG FXGLAssetLoaderServi - Loading from file system: jar:file:/C:/Users/31611/.m2/repository/com/github/almasb/fxgl/17.2/fxgl-17.2.jar!/fxglassets/ui/css/fxgl_dark.css
23:53:23.415 [FXGL Background Thread 1 ] DEBUG GameApplicationServi - Initializing application scenes
23:53:23.438 [FXGL Background Thread 1 ] DEBUG GameWorld            - Game world initialized
23:53:23.479 [FXGL Background Thread 1 ] DEBUG PhysicsWorld         - Physics world initialized: appHeight=1080, physics.ppm=50,0
23:53:23.480 [FXGL Background Thread 1 ] DEBUG PhysicsWorld         - Using strategy: BRUTE_FORCE
23:53:23.483 [FXGL Background Thread 1 ] DEBUG GameScene            - Game scene initialized: 1080x1080
23:53:23.491 [FXGL Background Thread 1 ] DEBUG FXGL.DefaultMenu     - createMenuBodyGameMenu()
23:53:23.503 [FXGL Background Thread 1 ] DEBUG FXGL.DefaultMenu     - createOptionsMenu()
23:53:23.511 [FXGL Background Thread 1 ] DEBUG FXGLAssetLoaderServi - Loading from file system: jar:file:/C:/Users/31611/.m2/repository/com/github/almasb/fxgl/17.2/fxgl-17.2.jar!/fxglassets/textures/particles/smoke.png
23:53:23.584 [FXGL Background Thread 1 ] DEBUG FXGLAssetLoaderServi - Loading from file system: jar:file:/C:/Users/31611/.m2/repository/com/github/almasb/fxgl/17.2/fxgl-17.2.jar!/fxglassets/textures/particles/trace_horizontal.png
23:53:23.604 [FXGL Background Thread 1 ] DEBUG GameApplicationServi - Application scenes initialized
23:53:23.613 [FXGL Background Thread 1 ] DEBUG SystemBundleService  - Loading FXGL system data
23:53:23.617 [FXGL Background Thread 1 ] DEBUG FileSystemAccess     - Reading from: C:\Users\31611\IdeaProjects\challengeweekSE-goed\system\fxgl.bundle
23:53:23.625 [FXGL Background Thread 1 ] DEBUG SystemBundleService  - Bundle FXGL: {}
23:53:23.625 [FXGL Background Thread 1 ] DEBUG UpdaterService       - Checking for updates
23:53:23.629 [FXGL Background Thread 4 ] DEBUG FXGLApplication      - Loading fonts
23:53:23.629 [FXGL Background Thread 1 ] DEBUG FXGLApplication      - Loading default localization
23:53:23.629 [FXGL Background Thread 4 ] DEBUG FXGLAssetLoaderServi - Loading from file system: jar:file:/C:/Users/31611/.m2/repository/com/github/almasb/fxgl/17.2/fxgl-17.2.jar!/fxglassets/ui/fonts/VarelaRound-Regular.ttf
23:53:23.630 [FXGL Background Thread 1 ] DEBUG FXGLAssetLoaderServi - Loading from file system: jar:file:/C:/Users/31611/.m2/repository/com/github/almasb/fxgl/17.2/fxgl-17.2.jar!/fxglassets/languages/english.lang
23:53:23.645 [FXGL Background Thread 1 ] INFO  FXGLApplication      - FXGL initialization took: 0,305 sec
23:53:23.655 [JavaFX Application Thread] DEBUG Input                - Registered new binding: RangeLeft - A
23:53:23.655 [JavaFX Application Thread] DEBUG Input                - Registered new binding: RangeRight - D
23:53:23.655 [JavaFX Application Thread] DEBUG Input                - Registered new binding: RangeJump - W
23:53:23.656 [JavaFX Application Thread] DEBUG Input                - Registered new binding: shoot - C
23:53:23.656 [JavaFX Application Thread] DEBUG Input                - Registered new binding: ShieldLeft - Left
23:53:23.657 [JavaFX Application Thread] DEBUG Input                - Registered new binding: ShieldRight - Right
23:53:23.657 [JavaFX Application Thread] DEBUG Input                - Registered new binding: ShieldJump - Up
23:53:23.657 [JavaFX Application Thread] DEBUG Input                - Registered new binding: shield - Space
23:53:23.658 [JavaFX Application Thread] DEBUG FXGLAssetLoaderServi - Loading from file system: jar:file:/C:/Users/31611/.m2/repository/com/github/almasb/fxgl/17.2/fxgl-17.2.jar!/fxglassets/textures/fxgl_icon.png
23:53:23.668 [FXGL Background Thread 4 ] DEBUG FXGLAssetLoaderServi - Loading from file system: jar:file:/C:/Users/31611/.m2/repository/com/github/almasb/fxgl/17.2/fxgl-17.2.jar!/fxglassets/ui/fonts/Abel-Regular.ttf
23:53:23.675 [JavaFX Application Thread] DEBUG FXGLAssetLoaderServi - Loading from file system: jar:file:/C:/Users/31611/.m2/repository/com/github/almasb/fxgl/17.2/fxgl-17.2.jar!/fxglassets/textures/fxgl_default_cursor.png
23:53:23.677 [FXGL Background Thread 4 ] DEBUG FXGLAssetLoaderServi - Loading from file system: jar:file:/C:/Users/31611/.m2/repository/com/github/almasb/fxgl/17.2/fxgl-17.2.jar!/fxglassets/ui/fonts/TerminalLandMono-Regular.otf
23:53:23.677 [JavaFX Application Thread] DEBUG Input                - Registered new binding: Screenshot - CTRL+8
23:53:23.677 [JavaFX Application Thread] DEBUG Input                - Registered new binding: System info dump - CTRL+9
23:53:23.678 [JavaFX Application Thread] DEBUG Input                - Registered new binding: Restart - CTRL+R
23:53:23.678 [JavaFX Application Thread] DEBUG Input                - Registered new binding: Toggle Debug Camera - CTRL+7
23:53:23.680 [JavaFX Application Thread] DEBUG LoopRunner           - Starting loop
23:53:23.680 [JavaFX Application Thread] DEBUG LoopRunner           - Initializing JavaFX AnimationTimerLoop
23:53:23.682 [JavaFX Application Thread] DEBUG GameApplicationServi - Starting new game
23:53:23.682 [JavaFX Application Thread] DEBUG Input                - Clearing active input actions
23:53:23.686 [FXGL Background Thread 4 ] DEBUG FXGLAssetLoaderServi - Loading from file system: jar:file:/C:/Users/31611/.m2/repository/com/github/almasb/fxgl/17.2/fxgl-17.2.jar!/fxglassets/ui/fonts/Courier-Prime.ttf
23:53:23.692 [JavaFX Application Thread] DEBUG GameApplicationServi - Removing overlay from FXGLStartupScene and adding to FXGLLoadingScene
23:53:23.692 [JavaFX Application Thread] DEBUG PrimaryStageWindow   - FXGLStartupScene -> FXGLLoadingScene
23:53:23.692 [JavaFX Application Thread] DEBUG GameApplicationServi - Clearing previous game
23:53:23.692 [JavaFX Application Thread] DEBUG GameScene            - Clearing game scene
23:53:23.692 [JavaFX Application Thread] DEBUG GameWorld            - Clearing game world
23:53:23.692 [JavaFX Application Thread] DEBUG PhysicsWorld         - Clearing physics world
23:53:23.693 [FXGL Background Thread 1 ] DEBUG FXGLApplication      - Initializing game
23:53:23.724 [JavaFX Application Thread] DEBUG FXGLApplication      - Registering font factories with UI factory
23:53:23.738 [FXGL Background Thread 1 ] WARN  TMXLevelLoader       - TiledMap generated from 1.10.1. Supported version: 1.9.0. Some features may not be parsed fully.
23:53:23.748 [FXGL Background Thread 1 ] DEBUG TMXLevelLoader       - Parsed TiledMap: file:/C:/Users/31611/IdeaProjects/challengeweekSE-goed/target/classes/assets/levels/tmx/lostvikings_test.tmx
23:53:23.749 [FXGL Background Thread 1 ] DEBUG TMXLevelLoader       - Creating tile layer entities
23:53:23.751 [FXGL Background Thread 1 ] DEBUG TilesetLoader        - Loading view for layer Tile Layer 1
23:53:23.753 [FXGL Background Thread 1 ] DEBUG TilesetLoader        - Created buffer with size 1080.0x1080.0
23:53:23.760 [FXGL Background Thread 1 ] DEBUG TMXLevelLoader       - Creating object layer entities
23:53:23.773 [FXGL Background Thread 1 ] DEBUG FXGLAssetLoaderServi - Loading from file system: file:/C:/Users/31611/IdeaProjects/challengeweekSE-goed/target/classes/assets/textures/zombie.png
23:53:23.776 [FXGL Background Thread 1 ] DEBUG GameWorld            - Clearing removable entities
23:53:23.778 [FXGL Background Thread 1 ] DEBUG GameWorld            - Setting level: com.almasb.fxgl.entity.level.Level@32befefa
23:53:23.783 [FXGL Background Thread 1 ] DEBUG FXGLAssetLoaderServi - Loading from file system: file:/C:/Users/31611/IdeaProjects/challengeweekSE-goed/target/classes/assets/textures/shieldguy.png
23:53:23.788 [FXGL Background Thread 1 ] DEBUG FXGLAssetLoaderServi - Loading from file system: file:/C:/Users/31611/IdeaProjects/challengeweekSE-goed/target/classes/assets/textures/rangeguy.png
23:53:23.792 [FXGL Background Thread 1 ] INFO  FXGLApplication      - Game initialization took: 0,099 sec
23:53:23.801 [JavaFX Application Thread] DEBUG Input                - Clearing active input actions
23:53:23.809 [JavaFX Application Thread] DEBUG GameApplicationServi - Removing overlay from FXGLLoadingScene and adding to GameScene
23:53:23.810 [JavaFX Application Thread] DEBUG PrimaryStageWindow   - FXGLLoadingScene -> GameScene
23:53:23.940 [FXGL Background Thread 2 ] INFO  UpdaterService       - Your current version:  17.2
23:53:23.941 [FXGL Background Thread 2 ] INFO  UpdaterService       - Latest stable version: 17.3
23:53:26.628 [FXGL Background Thread 3 ] DEBUG Engine               - Logging environment variables
23:53:26.628 [FXGL Background Thread 3 ] DEBUG Engine               - achievements: []
23:53:26.628 [FXGL Background Thread 3 ] DEBUG Engine               - actualHeight: 1080.0
23:53:26.628 [FXGL Background Thread 3 ] DEBUG Engine               - actualHeightProperty: ReadOnlyDoubleProperty [value: 1080.0]
23:53:26.628 [FXGL Background Thread 3 ] DEBUG Engine               - actualWidth: 1080.0
23:53:26.628 [FXGL Background Thread 3 ] DEBUG Engine               - actualWidthProperty: ReadOnlyDoubleProperty [value: 1080.0]
23:53:26.628 [FXGL Background Thread 3 ] DEBUG Engine               - appIcon: fxgl_icon.png
23:53:26.628 [FXGL Background Thread 3 ] DEBUG Engine               - applicationMode: DEVELOPER
23:53:26.628 [FXGL Background Thread 3 ] DEBUG Engine               - cSSList: [fxgl_dark.css]
23:53:26.628 [FXGL Background Thread 3 ] DEBUG Engine               - collisionDetectionStrategy: BRUTE_FORCE
23:53:26.628 [FXGL Background Thread 3 ] DEBUG Engine               - configClass: Optional.empty
23:53:26.629 [FXGL Background Thread 3 ] DEBUG Engine               - credits: []
23:53:26.629 [FXGL Background Thread 3 ] DEBUG Engine               - defaultCursor: CursorInfo(imageName=fxgl_default_cursor.png, hotspotX=7.0, hotspotY=6.0)
23:53:26.629 [FXGL Background Thread 3 ] DEBUG Engine               - devBBoxColorProperty: ObjectProperty [value: 0xff0000ff]
23:53:26.629 [FXGL Background Thread 3 ] DEBUG Engine               - devEnableDebugCameraProperty: BooleanProperty [value: false]
23:53:26.629 [FXGL Background Thread 3 ] DEBUG Engine               - devSensorColorProperty: ObjectProperty [value: 0xffff00ff]
23:53:26.629 [FXGL Background Thread 3 ] DEBUG Engine               - devShowBBoxProperty: BooleanProperty [value: false]
23:53:26.629 [FXGL Background Thread 3 ] DEBUG Engine               - devShowPositionProperty: BooleanProperty [value: false]
23:53:26.629 [FXGL Background Thread 3 ] DEBUG Engine               - enabledMenuItems: []
23:53:26.629 [FXGL Background Thread 3 ] DEBUG Engine               - engineServices: [class com.almasb.fxgl.app.services.FXGLAssetLoaderService, class com.almasb.fxgl.app.FXGLApplication$GameApplicationService, class com.almasb.fxgl.app.services.FXGLDialogService, class com.almasb.fxgl.app.services.IOTaskExecutorService, class com.almasb.fxgl.io.FileSystemService, class com.almasb.fxgl.localization.LocalizationService, class com.almasb.fxgl.app.services.SystemBundleService, class com.almasb.fxgl.profile.SaveLoadService, class com.almasb.fxgl.ui.FXGLUIFactoryServiceProvider, class com.almasb.fxgl.ui.FXGLDialogFactoryServiceProvider, class com.almasb.fxgl.audio.AudioPlayer, class com.almasb.fxgl.notification.impl.NotificationServiceProvider, class com.almasb.fxgl.achievement.AchievementService, class com.almasb.fxgl.cutscene.CutsceneService, class com.almasb.fxgl.minigames.MiniGameService, class com.almasb.fxgl.net.NetService, class com.almasb.fxgl.app.services.UpdaterService, class com.almasb.fxgl.dev.DevService]
23:53:26.629 [FXGL Background Thread 3 ] DEBUG Engine               - fontGame: Abel-Regular.ttf
23:53:26.629 [FXGL Background Thread 3 ] DEBUG Engine               - fontMono: TerminalLandMono-Regular.otf
23:53:26.629 [FXGL Background Thread 3 ] DEBUG Engine               - fontText: Courier-Prime.ttf
23:53:26.629 [FXGL Background Thread 3 ] DEBUG Engine               - fontUI: VarelaRound-Regular.ttf
23:53:26.629 [FXGL Background Thread 3 ] DEBUG Engine               - fullScreen: BooleanProperty [value: false]
23:53:26.629 [FXGL Background Thread 3 ] DEBUG Engine               - gameDifficulty: MEDIUM
23:53:26.630 [FXGL Background Thread 3 ] DEBUG Engine               - gameDifficultyProperty: ObjectProperty [value: MEDIUM]
23:53:26.630 [FXGL Background Thread 3 ] DEBUG Engine               - globalMusicVolume: 0.5
23:53:26.630 [FXGL Background Thread 3 ] DEBUG Engine               - globalMusicVolumeProperty: DoubleProperty [value: 0.5]
23:53:26.630 [FXGL Background Thread 3 ] DEBUG Engine               - globalSoundVolume: 0.5
23:53:26.630 [FXGL Background Thread 3 ] DEBUG Engine               - globalSoundVolumeProperty: DoubleProperty [value: 0.5]
23:53:26.630 [FXGL Background Thread 3 ] DEBUG Engine               - height: 1080
23:53:26.630 [FXGL Background Thread 3 ] DEBUG Engine               - is3D: false
23:53:26.630 [FXGL Background Thread 3 ] DEBUG Engine               - isAndroid: false
23:53:26.630 [FXGL Background Thread 3 ] DEBUG Engine               - isBrowser: false
23:53:26.630 [FXGL Background Thread 3 ] DEBUG Engine               - isClickFeedbackEnabled: false
23:53:26.630 [FXGL Background Thread 3 ] DEBUG Engine               - isCloseConfirmation: false
23:53:26.630 [FXGL Background Thread 3 ] DEBUG Engine               - isDesktop: true
23:53:26.630 [FXGL Background Thread 3 ] DEBUG Engine               - isDeveloperMenuEnabled: false
23:53:26.630 [FXGL Background Thread 3 ] DEBUG Engine               - isEmbedded: false
23:53:26.630 [FXGL Background Thread 3 ] DEBUG Engine               - isEntityPreloadEnabled: true
23:53:26.630 [FXGL Background Thread 3 ] DEBUG Engine               - isExperimentalTiledLargeMap: false
23:53:26.630 [FXGL Background Thread 3 ] DEBUG Engine               - isFileSystemWriteAllowed: true
23:53:26.630 [FXGL Background Thread 3 ] DEBUG Engine               - isFullScreenAllowed: false
23:53:26.630 [FXGL Background Thread 3 ] DEBUG Engine               - isFullScreenFromStart: false
23:53:26.630 [FXGL Background Thread 3 ] DEBUG Engine               - isGameMenuEnabled: true
23:53:26.630 [FXGL Background Thread 3 ] DEBUG Engine               - isIOS: false
23:53:26.630 [FXGL Background Thread 3 ] DEBUG Engine               - isIntroEnabled: false
23:53:26.630 [FXGL Background Thread 3 ] DEBUG Engine               - isLinux: false
23:53:26.631 [FXGL Background Thread 3 ] DEBUG Engine               - isMac: false
23:53:26.631 [FXGL Background Thread 3 ] DEBUG Engine               - isMainMenuEnabled: false
23:53:26.631 [FXGL Background Thread 3 ] DEBUG Engine               - isManualResizeEnabled: false
23:53:26.631 [FXGL Background Thread 3 ] DEBUG Engine               - isMobile: false
23:53:26.631 [FXGL Background Thread 3 ] DEBUG Engine               - isNative: false
23:53:26.631 [FXGL Background Thread 3 ] DEBUG Engine               - isPauseMusicWhenMinimized: true
23:53:26.631 [FXGL Background Thread 3 ] DEBUG Engine               - isPreserveResizeRatio: false
23:53:26.631 [FXGL Background Thread 3 ] DEBUG Engine               - isProfilingEnabled: false
23:53:26.631 [FXGL Background Thread 3 ] DEBUG Engine               - isScaleAffectedOnResize: true
23:53:26.631 [FXGL Background Thread 3 ] DEBUG Engine               - isSingleStep: false
23:53:26.631 [FXGL Background Thread 3 ] DEBUG Engine               - isUserProfileEnabled: false
23:53:26.631 [FXGL Background Thread 3 ] DEBUG Engine               - isWindows: true
23:53:26.631 [FXGL Background Thread 3 ] DEBUG Engine               - language: ObjectProperty [value: ENGLISH]
23:53:26.631 [FXGL Background Thread 3 ] DEBUG Engine               - menuKey: ESCAPE
23:53:26.631 [FXGL Background Thread 3 ] DEBUG Engine               - mouseSensitivity: 0.2
23:53:26.631 [FXGL Background Thread 3 ] DEBUG Engine               - notificationViewClass: class com.almasb.fxgl.notification.view.XboxNotificationView
23:53:26.631 [FXGL Background Thread 3 ] DEBUG Engine               - pixelsPerMeter: 50.0
23:53:26.631 [FXGL Background Thread 3 ] DEBUG Engine               - platform: WINDOWS
23:53:26.631 [FXGL Background Thread 3 ] DEBUG Engine               - prefHeightProperty: ReadOnlyDoubleProperty [value: 1080.0]
23:53:26.631 [FXGL Background Thread 3 ] DEBUG Engine               - prefWidthProperty: ReadOnlyDoubleProperty [value: 1080.0]
23:53:26.631 [FXGL Background Thread 3 ] DEBUG Engine               - profileDir: profiles/
23:53:26.631 [FXGL Background Thread 3 ] DEBUG Engine               - profileName: StringProperty [value: DEFAULT]
23:53:26.631 [FXGL Background Thread 3 ] DEBUG Engine               - randomSeed: -1
23:53:26.632 [FXGL Background Thread 3 ] DEBUG Engine               - runtimeInfo: RuntimeInfo(platform=WINDOWS, version=17.2, build=20.08.2022 16.50)
23:53:26.632 [FXGL Background Thread 3 ] DEBUG Engine               - saveFileExt: sav
23:53:26.632 [FXGL Background Thread 3 ] DEBUG Engine               - scaledHeightProp$fxgl: DoubleProperty [bound, value: 1080.0]
23:53:26.632 [FXGL Background Thread 3 ] DEBUG Engine               - scaledWidthProp$fxgl: DoubleProperty [bound, value: 1080.0]
23:53:26.632 [FXGL Background Thread 3 ] DEBUG Engine               - sceneFactory: com.almasb.fxgl.app.scene.SceneFactory@60686beb
23:53:26.632 [FXGL Background Thread 3 ] DEBUG Engine               - secondsIn24h: 60
23:53:26.632 [FXGL Background Thread 3 ] DEBUG Engine               - soundMenuBack: menu/back.wav
23:53:26.632 [FXGL Background Thread 3 ] DEBUG Engine               - soundMenuPress: menu/press.wav
23:53:26.632 [FXGL Background Thread 3 ] DEBUG Engine               - soundMenuSelect: menu/select.wav
23:53:26.632 [FXGL Background Thread 3 ] DEBUG Engine               - soundNotification: core/notification.wav
23:53:26.632 [FXGL Background Thread 3 ] DEBUG Engine               - stageStyle: DECORATED
23:53:26.632 [FXGL Background Thread 3 ] DEBUG Engine               - supportedLanguages: [ENGLISH, FRENCH, GERMAN, HUNGARIAN, RUSSIAN]
23:53:26.632 [FXGL Background Thread 3 ] DEBUG Engine               - ticksPerSecond: -1
23:53:26.632 [FXGL Background Thread 3 ] DEBUG Engine               - title: Dinsdag 12:25
23:53:26.632 [FXGL Background Thread 3 ] DEBUG Engine               - urlGithub: https://github.com/AlmasB/FXGL
23:53:26.632 [FXGL Background Thread 3 ] DEBUG Engine               - urlLeaderboard: http://fxgl-top.herokuapp.com/
23:53:26.632 [FXGL Background Thread 3 ] DEBUG Engine               - urlPOM: https://raw.githubusercontent.com/AlmasB/FXGL/release/README.md
23:53:26.632 [FXGL Background Thread 3 ] DEBUG Engine               - userAppClass: class com.example.challengeweeksegoed.Game
23:53:26.632 [FXGL Background Thread 3 ] DEBUG Engine               - version: 1.3
23:53:26.632 [FXGL Background Thread 3 ] DEBUG Engine               - versionCheckDays: 7
23:53:26.632 [FXGL Background Thread 3 ] DEBUG Engine               - width: 1080
23:53:26.632 [FXGL Background Thread 3 ] DEBUG Engine               - Logging services
23:53:26.632 [FXGL Background Thread 3 ] DEBUG Engine               - class com.almasb.fxgl.app.services.FXGLAssetLoaderService
23:53:26.633 [FXGL Background Thread 3 ] DEBUG Engine               - class com.almasb.fxgl.app.FXGLApplication$GameApplicationService
23:53:26.633 [FXGL Background Thread 3 ] DEBUG Engine               - class com.almasb.fxgl.app.services.FXGLDialogService
23:53:26.633 [FXGL Background Thread 3 ] DEBUG Engine               - class com.almasb.fxgl.app.services.IOTaskExecutorService
23:53:26.633 [FXGL Background Thread 3 ] DEBUG Engine               - class com.almasb.fxgl.io.FileSystemService
23:53:26.633 [FXGL Background Thread 3 ] DEBUG Engine               - class com.almasb.fxgl.localization.LocalizationService
23:53:26.633 [FXGL Background Thread 3 ] DEBUG Engine               - class com.almasb.fxgl.app.services.SystemBundleService
23:53:26.633 [FXGL Background Thread 3 ] DEBUG Engine               - class com.almasb.fxgl.profile.SaveLoadService
23:53:26.633 [FXGL Background Thread 3 ] DEBUG Engine               - class com.almasb.fxgl.ui.FXGLUIFactoryServiceProvider
23:53:26.633 [FXGL Background Thread 3 ] DEBUG Engine               - class com.almasb.fxgl.ui.FXGLDialogFactoryServiceProvider
23:53:26.633 [FXGL Background Thread 3 ] DEBUG Engine               - class com.almasb.fxgl.audio.AudioPlayer
23:53:26.633 [FXGL Background Thread 3 ] DEBUG Engine               - class com.almasb.fxgl.notification.impl.NotificationServiceProvider
23:53:26.633 [FXGL Background Thread 3 ] DEBUG Engine               - class com.almasb.fxgl.achievement.AchievementService
23:53:26.633 [FXGL Background Thread 3 ] DEBUG Engine               - class com.almasb.fxgl.cutscene.CutsceneService
23:53:26.633 [FXGL Background Thread 3 ] DEBUG Engine               - class com.almasb.fxgl.minigames.MiniGameService
23:53:26.633 [FXGL Background Thread 3 ] DEBUG Engine               - class com.almasb.fxgl.net.NetService
23:53:26.633 [FXGL Background Thread 3 ] DEBUG Engine               - class com.almasb.fxgl.app.services.UpdaterService
23:53:26.633 [FXGL Background Thread 3 ] DEBUG Engine               - class com.almasb.fxgl.dev.DevService
23:53:28.153 [JavaFX Application Thread] DEBUG FXGLAssetLoaderServi - Loading from file system: file:/C:/Users/31611/IdeaProjects/challengeweekSE-goed/target/classes/assets/textures/arrow.png
23:53:59.575 [JavaFX Application Thread] DEBUG FXGLApplication      - Exiting FXGL
23:53:59.575 [JavaFX Application Thread] DEBUG LoopRunner           - Stopping loop
23:53:59.575 [JavaFX Application Thread] DEBUG SystemBundleService  - Saving FXGL system data
23:53:59.577 [JavaFX Application Thread] DEBUG FileSystemAccess     - Writing to: C:\Users\31611\IdeaProjects\challengeweekSE-goed\system\fxgl.bundle
23:53:59.578 [JavaFX Application Thread] DEBUG Async                - Shutting down background threads
23:53:59.578 [JavaFX Application Thread] DEBUG PrimaryStageWindow   - Closing main window
23:53:59.589 [JavaFX Application Thread] DEBUG Logger               - Closing Logger
