01:05:23.459 [main                     ] DEBUG Logger               - Configured Logger
01:05:23.477 [main                     ] DEBUG GameApplication      - Logging settings
Title: Dinsdag 12:25
Version: 1.3
Width: 1080
Height: 1080
Fullscreen: false
Intro: false
Profiling: false
Single step:false
App Mode: DEVELOPER
Menu Key: ESCAPE
Stage Style: DECORATED
Scene Factory: class com.almasb.fxgl.app.scene.SceneFactory

01:05:23.872 [JavaFX Application Thread] DEBUG FXGLApplication      - Initializing FXGL
01:05:23.876 [JavaFX Application Thread] INFO  Engine               - FXGL-17.2 (20.08.2022 16.50) on WINDOWS (J:20 FX:20-ea)
01:05:23.876 [JavaFX Application Thread] DEBUG Engine               - JRE Vendor Name: Oracle Corporation
01:05:23.876 [JavaFX Application Thread] DEBUG Engine               - Running on OS: Windows 11 version 10.0
01:05:23.876 [JavaFX Application Thread] DEBUG Engine               - Architecture: amd64
01:05:23.876 [JavaFX Application Thread] INFO  Engine               - Source code and latest versions at: https://github.com/AlmasB/FXGL
01:05:23.876 [JavaFX Application Thread] INFO  Engine               -       Ask questions and discuss at: https://github.com/AlmasB/FXGL/discussions
01:05:23.876 [JavaFX Application Thread] INFO  Engine               -              Join the FXGL chat at: https://gitter.im/AlmasB/FXGL
01:05:23.967 [JavaFX Application Thread] DEBUG PrimaryStageWindow   - Creating a JavaFX scene
01:05:24.005 [JavaFX Application Thread] DEBUG PrimaryStageWindow   - Target settings size: 1080.0 x 1080.0
01:05:24.006 [JavaFX Application Thread] DEBUG PrimaryStageWindow   - Scaled scene size:    1080.0 x 1080.0
01:05:24.006 [JavaFX Application Thread] DEBUG PrimaryStageWindow   - Scaled ratio: (1.0, 1.0)
01:05:24.006 [JavaFX Application Thread] DEBUG PrimaryStageWindow   - Set initial scene to FXGLStartupScene
01:05:24.009 [JavaFX Application Thread] DEBUG PrimaryStageWindow   - Opening main window
01:05:24.076 [JavaFX Application Thread] DEBUG PrimaryStageWindow   - Window border size: (16.0, 39.0)
01:05:24.076 [JavaFX Application Thread] DEBUG PrimaryStageWindow   - Scaled size: 1080.0 x 1080.0
01:05:24.076 [JavaFX Application Thread] DEBUG PrimaryStageWindow   - Scaled ratio: (1.0, 1.0)
01:05:24.077 [JavaFX Application Thread] DEBUG PrimaryStageWindow   - Scene size: 1080.0 x 1080.0
01:05:24.077 [JavaFX Application Thread] DEBUG PrimaryStageWindow   - Stage size: 1096.0 x 1119.0
01:05:24.083 [FXGL Background Thread 1 ] DEBUG Engine               - Initializing environment variables
01:05:24.122 [FXGL Background Thread 1 ] DEBUG FXGLAssetLoaderServi - User app class for loading assets: class com.example.challengeweeksegoed.Game
01:05:24.123 [FXGL Background Thread 1 ] DEBUG GameApplicationServi - Applying CSS: fxgl_dark.css
01:05:24.123 [FXGL Background Thread 1 ] DEBUG FXGLAssetLoaderServi - Loading from file system: jar:file:/C:/Users/31611/.m2/repository/com/github/almasb/fxgl/17.2/fxgl-17.2.jar!/fxglassets/ui/css/fxgl_dark.css
01:05:24.158 [FXGL Background Thread 1 ] DEBUG GameApplicationServi - Initializing application scenes
01:05:24.182 [FXGL Background Thread 1 ] DEBUG GameWorld            - Game world initialized
01:05:24.226 [FXGL Background Thread 1 ] DEBUG PhysicsWorld         - Physics world initialized: appHeight=1080, physics.ppm=50,0
01:05:24.227 [FXGL Background Thread 1 ] DEBUG PhysicsWorld         - Using strategy: BRUTE_FORCE
01:05:24.229 [FXGL Background Thread 1 ] DEBUG GameScene            - Game scene initialized: 1080x1080
01:05:24.238 [FXGL Background Thread 1 ] DEBUG FXGL.DefaultMenu     - createMenuBodyGameMenu()
01:05:24.251 [FXGL Background Thread 1 ] DEBUG FXGL.DefaultMenu     - createOptionsMenu()
01:05:24.259 [FXGL Background Thread 1 ] DEBUG FXGLAssetLoaderServi - Loading from file system: jar:file:/C:/Users/31611/.m2/repository/com/github/almasb/fxgl/17.2/fxgl-17.2.jar!/fxglassets/textures/particles/smoke.png
01:05:24.343 [FXGL Background Thread 1 ] DEBUG FXGLAssetLoaderServi - Loading from file system: jar:file:/C:/Users/31611/.m2/repository/com/github/almasb/fxgl/17.2/fxgl-17.2.jar!/fxglassets/textures/particles/trace_horizontal.png
01:05:24.370 [FXGL Background Thread 1 ] DEBUG GameApplicationServi - Application scenes initialized
01:05:24.380 [FXGL Background Thread 1 ] DEBUG SystemBundleService  - Loading FXGL system data
01:05:24.384 [FXGL Background Thread 1 ] DEBUG FileSystemAccess     - Reading from: C:\Users\31611\IdeaProjects\challengeweekSE-goed\system\fxgl.bundle
01:05:24.400 [FXGL Background Thread 1 ] DEBUG SystemBundleService  - Bundle FXGL: {}
01:05:24.400 [FXGL Background Thread 1 ] DEBUG UpdaterService       - Checking for updates
01:05:24.405 [FXGL Background Thread 1 ] DEBUG FXGLApplication      - Loading default localization
01:05:24.406 [FXGL Background Thread 1 ] DEBUG FXGLAssetLoaderServi - Loading from file system: jar:file:/C:/Users/31611/.m2/repository/com/github/almasb/fxgl/17.2/fxgl-17.2.jar!/fxglassets/languages/english.lang
01:05:24.409 [FXGL Background Thread 4 ] DEBUG FXGLApplication      - Loading fonts
01:05:24.409 [FXGL Background Thread 4 ] DEBUG FXGLAssetLoaderServi - Loading from file system: jar:file:/C:/Users/31611/.m2/repository/com/github/almasb/fxgl/17.2/fxgl-17.2.jar!/fxglassets/ui/fonts/VarelaRound-Regular.ttf
01:05:24.425 [FXGL Background Thread 1 ] INFO  FXGLApplication      - FXGL initialization took: 0,341 sec
01:05:24.435 [JavaFX Application Thread] DEBUG Input                - Registered new binding: RangeLeft - A
01:05:24.435 [JavaFX Application Thread] DEBUG Input                - Registered new binding: RangeRight - D
01:05:24.436 [JavaFX Application Thread] DEBUG Input                - Registered new binding: RangeJump - W
01:05:24.436 [JavaFX Application Thread] DEBUG Input                - Registered new binding: shoot - C
01:05:24.437 [JavaFX Application Thread] DEBUG Input                - Registered new binding: ShieldLeft - Left
01:05:24.437 [JavaFX Application Thread] DEBUG Input                - Registered new binding: ShieldRight - Right
01:05:24.437 [JavaFX Application Thread] DEBUG Input                - Registered new binding: ShieldJump - Up
01:05:24.437 [JavaFX Application Thread] DEBUG Input                - Registered new binding: shield - Space
01:05:24.438 [JavaFX Application Thread] DEBUG FXGLAssetLoaderServi - Loading from file system: jar:file:/C:/Users/31611/.m2/repository/com/github/almasb/fxgl/17.2/fxgl-17.2.jar!/fxglassets/textures/fxgl_icon.png
01:05:24.460 [FXGL Background Thread 4 ] DEBUG FXGLAssetLoaderServi - Loading from file system: jar:file:/C:/Users/31611/.m2/repository/com/github/almasb/fxgl/17.2/fxgl-17.2.jar!/fxglassets/ui/fonts/Abel-Regular.ttf
01:05:24.466 [JavaFX Application Thread] DEBUG FXGLAssetLoaderServi - Loading from file system: jar:file:/C:/Users/31611/.m2/repository/com/github/almasb/fxgl/17.2/fxgl-17.2.jar!/fxglassets/textures/fxgl_default_cursor.png
01:05:24.468 [JavaFX Application Thread] DEBUG Input                - Registered new binding: Screenshot - CTRL+8
01:05:24.468 [JavaFX Application Thread] DEBUG Input                - Registered new binding: System info dump - CTRL+9
01:05:24.469 [JavaFX Application Thread] DEBUG Input                - Registered new binding: Restart - CTRL+R
01:05:24.469 [JavaFX Application Thread] DEBUG Input                - Registered new binding: Toggle Debug Camera - CTRL+7
01:05:24.470 [FXGL Background Thread 4 ] DEBUG FXGLAssetLoaderServi - Loading from file system: jar:file:/C:/Users/31611/.m2/repository/com/github/almasb/fxgl/17.2/fxgl-17.2.jar!/fxglassets/ui/fonts/TerminalLandMono-Regular.otf
01:05:24.471 [JavaFX Application Thread] DEBUG LoopRunner           - Starting loop
01:05:24.472 [JavaFX Application Thread] DEBUG LoopRunner           - Initializing JavaFX AnimationTimerLoop
01:05:24.473 [JavaFX Application Thread] DEBUG GameApplicationServi - Starting new game
01:05:24.473 [JavaFX Application Thread] DEBUG Input                - Clearing active input actions
01:05:24.479 [FXGL Background Thread 4 ] DEBUG FXGLAssetLoaderServi - Loading from file system: jar:file:/C:/Users/31611/.m2/repository/com/github/almasb/fxgl/17.2/fxgl-17.2.jar!/fxglassets/ui/fonts/Courier-Prime.ttf
01:05:24.485 [JavaFX Application Thread] DEBUG GameApplicationServi - Removing overlay from FXGLStartupScene and adding to FXGLLoadingScene
01:05:24.486 [JavaFX Application Thread] DEBUG PrimaryStageWindow   - FXGLStartupScene -> FXGLLoadingScene
01:05:24.486 [JavaFX Application Thread] DEBUG GameApplicationServi - Clearing previous game
01:05:24.486 [JavaFX Application Thread] DEBUG GameScene            - Clearing game scene
01:05:24.486 [JavaFX Application Thread] DEBUG GameWorld            - Clearing game world
01:05:24.486 [JavaFX Application Thread] DEBUG PhysicsWorld         - Clearing physics world
01:05:24.488 [FXGL Background Thread 1 ] DEBUG FXGLApplication      - Initializing game
01:05:24.520 [JavaFX Application Thread] DEBUG FXGLApplication      - Registering font factories with UI factory
01:05:24.527 [FXGL Background Thread 1 ] WARN  TMXLevelLoader       - TiledMap generated from 1.10.1. Supported version: 1.9.0. Some features may not be parsed fully.
01:05:24.541 [FXGL Background Thread 1 ] DEBUG TMXLevelLoader       - Parsed TiledMap: file:/C:/Users/31611/IdeaProjects/challengeweekSE-goed/target/classes/assets/levels/tmx/lostvikings_test.tmx
01:05:24.542 [FXGL Background Thread 1 ] DEBUG TMXLevelLoader       - Creating tile layer entities
01:05:24.544 [FXGL Background Thread 1 ] DEBUG TilesetLoader        - Loading view for layer Tile Layer 1
01:05:24.546 [FXGL Background Thread 1 ] DEBUG TilesetLoader        - Created buffer with size 1080.0x1080.0
01:05:24.555 [FXGL Background Thread 1 ] DEBUG TMXLevelLoader       - Creating object layer entities
01:05:24.573 [FXGL Background Thread 1 ] DEBUG FXGLAssetLoaderServi - Loading from file system: file:/C:/Users/31611/IdeaProjects/challengeweekSE-goed/target/classes/assets/textures/zombie.png
01:05:24.578 [FXGL Background Thread 1 ] DEBUG FXGLAssetLoaderServi - Loading from file system: file:/C:/Users/31611/IdeaProjects/challengeweekSE-goed/target/classes/assets/textures/heart3.png
01:05:24.579 [FXGL Background Thread 1 ] DEBUG GameWorld            - Clearing removable entities
01:05:24.582 [FXGL Background Thread 1 ] DEBUG GameWorld            - Setting level: com.almasb.fxgl.entity.level.Level@4cdef083
01:05:24.588 [FXGL Background Thread 1 ] DEBUG FXGLAssetLoaderServi - Loading from file system: file:/C:/Users/31611/IdeaProjects/challengeweekSE-goed/target/classes/assets/textures/shieldguy.png
01:05:24.593 [FXGL Background Thread 1 ] DEBUG FXGLAssetLoaderServi - Loading from file system: file:/C:/Users/31611/IdeaProjects/challengeweekSE-goed/target/classes/assets/textures/rangeguy.png
01:05:24.599 [FXGL Background Thread 1 ] INFO  FXGLApplication      - Game initialization took: 0,111 sec
01:05:24.611 [JavaFX Application Thread] DEBUG Input                - Clearing active input actions
01:05:24.620 [JavaFX Application Thread] DEBUG GameApplicationServi - Removing overlay from FXGLLoadingScene and adding to GameScene
01:05:24.620 [JavaFX Application Thread] DEBUG PrimaryStageWindow   - FXGLLoadingScene -> GameScene
01:05:24.770 [FXGL Background Thread 2 ] INFO  UpdaterService       - Your current version:  17.2
01:05:24.770 [FXGL Background Thread 2 ] INFO  UpdaterService       - Latest stable version: 17.3
01:05:25.437 [JavaFX Application Thread] DEBUG FXGLAssetLoaderServi - Loading from file system: file:/C:/Users/31611/IdeaProjects/challengeweekSE-goed/target/classes/assets/textures/heart2.png
01:05:25.443 [JavaFX Application Thread] DEBUG FXGLAssetLoaderServi - Loading from file system: file:/C:/Users/31611/IdeaProjects/challengeweekSE-goed/target/classes/assets/textures/heart1.png
01:05:26.106 [JavaFX Application Thread] DEBUG FXGLApplication      - Exiting FXGL
01:05:26.107 [JavaFX Application Thread] DEBUG LoopRunner           - Stopping loop
01:05:26.107 [JavaFX Application Thread] DEBUG SystemBundleService  - Saving FXGL system data
01:05:26.108 [JavaFX Application Thread] DEBUG FileSystemAccess     - Writing to: C:\Users\31611\IdeaProjects\challengeweekSE-goed\system\fxgl.bundle
01:05:26.109 [JavaFX Application Thread] DEBUG Async                - Shutting down background threads
01:05:26.110 [JavaFX Application Thread] DEBUG PrimaryStageWindow   - Closing main window
01:05:26.120 [JavaFX Application Thread] DEBUG Logger               - Closing Logger
