00:57:54.239 [main                     ] DEBUG Logger               - Configured Logger
00:57:54.259 [main                     ] DEBUG GameApplication      - Logging settings
Title: Dinsdag 12:25
Version: 1.3
Width: 1080
Height: 1080
Fullscreen: false
Intro: false
Profiling: false
Single step:false
App Mode: DEVELOPER
Menu Key: ESCAPE
Stage Style: DECORATED
Scene Factory: class com.almasb.fxgl.app.scene.SceneFactory

00:57:54.608 [JavaFX Application Thread] DEBUG FXGLApplication      - Initializing FXGL
00:57:54.611 [JavaFX Application Thread] INFO  Engine               - FXGL-17.2 (20.08.2022 16.50) on WINDOWS (J:20 FX:20-ea)
00:57:54.611 [JavaFX Application Thread] DEBUG Engine               - JRE Vendor Name: Oracle Corporation
00:57:54.611 [JavaFX Application Thread] DEBUG Engine               - Running on OS: Windows 11 version 10.0
00:57:54.612 [JavaFX Application Thread] DEBUG Engine               - Architecture: amd64
00:57:54.612 [JavaFX Application Thread] INFO  Engine               - Source code and latest versions at: https://github.com/AlmasB/FXGL
00:57:54.612 [JavaFX Application Thread] INFO  Engine               -       Ask questions and discuss at: https://github.com/AlmasB/FXGL/discussions
00:57:54.612 [JavaFX Application Thread] INFO  Engine               -              Join the FXGL chat at: https://gitter.im/AlmasB/FXGL
00:57:54.703 [JavaFX Application Thread] DEBUG PrimaryStageWindow   - Creating a JavaFX scene
00:57:54.743 [JavaFX Application Thread] DEBUG PrimaryStageWindow   - Target settings size: 1080.0 x 1080.0
00:57:54.743 [JavaFX Application Thread] DEBUG PrimaryStageWindow   - Scaled scene size:    1080.0 x 1080.0
00:57:54.743 [JavaFX Application Thread] DEBUG PrimaryStageWindow   - Scaled ratio: (1.0, 1.0)
00:57:54.744 [JavaFX Application Thread] DEBUG PrimaryStageWindow   - Set initial scene to FXGLStartupScene
00:57:54.747 [JavaFX Application Thread] DEBUG PrimaryStageWindow   - Opening main window
00:57:54.821 [JavaFX Application Thread] DEBUG PrimaryStageWindow   - Window border size: (16.0, 39.0)
00:57:54.821 [JavaFX Application Thread] DEBUG PrimaryStageWindow   - Scaled size: 1080.0 x 1080.0
00:57:54.821 [JavaFX Application Thread] DEBUG PrimaryStageWindow   - Scaled ratio: (1.0, 1.0)
00:57:54.822 [JavaFX Application Thread] DEBUG PrimaryStageWindow   - Scene size: 1080.0 x 1080.0
00:57:54.822 [JavaFX Application Thread] DEBUG PrimaryStageWindow   - Stage size: 1096.0 x 1119.0
00:57:54.828 [FXGL Background Thread 1 ] DEBUG Engine               - Initializing environment variables
00:57:54.868 [FXGL Background Thread 1 ] DEBUG FXGLAssetLoaderServi - User app class for loading assets: class com.example.challengeweeksegoed.Game
00:57:54.868 [FXGL Background Thread 1 ] DEBUG GameApplicationServi - Applying CSS: fxgl_dark.css
00:57:54.868 [FXGL Background Thread 1 ] DEBUG FXGLAssetLoaderServi - Loading from file system: jar:file:/C:/Users/31611/.m2/repository/com/github/almasb/fxgl/17.2/fxgl-17.2.jar!/fxglassets/ui/css/fxgl_dark.css
00:57:54.902 [FXGL Background Thread 1 ] DEBUG GameApplicationServi - Initializing application scenes
00:57:54.928 [FXGL Background Thread 1 ] DEBUG GameWorld            - Game world initialized
00:57:54.971 [FXGL Background Thread 1 ] DEBUG PhysicsWorld         - Physics world initialized: appHeight=1080, physics.ppm=50,0
00:57:54.971 [FXGL Background Thread 1 ] DEBUG PhysicsWorld         - Using strategy: BRUTE_FORCE
00:57:54.974 [FXGL Background Thread 1 ] DEBUG GameScene            - Game scene initialized: 1080x1080
00:57:54.983 [FXGL Background Thread 1 ] DEBUG FXGL.DefaultMenu     - createMenuBodyGameMenu()
00:57:54.995 [FXGL Background Thread 1 ] DEBUG FXGL.DefaultMenu     - createOptionsMenu()
00:57:55.002 [FXGL Background Thread 1 ] DEBUG FXGLAssetLoaderServi - Loading from file system: jar:file:/C:/Users/31611/.m2/repository/com/github/almasb/fxgl/17.2/fxgl-17.2.jar!/fxglassets/textures/particles/smoke.png
00:57:55.079 [FXGL Background Thread 1 ] DEBUG FXGLAssetLoaderServi - Loading from file system: jar:file:/C:/Users/31611/.m2/repository/com/github/almasb/fxgl/17.2/fxgl-17.2.jar!/fxglassets/textures/particles/trace_horizontal.png
00:57:55.100 [FXGL Background Thread 1 ] DEBUG GameApplicationServi - Application scenes initialized
00:57:55.109 [FXGL Background Thread 1 ] DEBUG SystemBundleService  - Loading FXGL system data
00:57:55.113 [FXGL Background Thread 1 ] DEBUG FileSystemAccess     - Reading from: C:\Users\31611\IdeaProjects\challengeweekSE-goed\system\fxgl.bundle
00:57:55.119 [FXGL Background Thread 1 ] DEBUG SystemBundleService  - Bundle FXGL: {}
00:57:55.120 [FXGL Background Thread 1 ] DEBUG UpdaterService       - Checking for updates
00:57:55.123 [FXGL Background Thread 4 ] DEBUG FXGLApplication      - Loading fonts
00:57:55.123 [FXGL Background Thread 4 ] DEBUG FXGLAssetLoaderServi - Loading from file system: jar:file:/C:/Users/31611/.m2/repository/com/github/almasb/fxgl/17.2/fxgl-17.2.jar!/fxglassets/ui/fonts/VarelaRound-Regular.ttf
00:57:55.123 [FXGL Background Thread 1 ] DEBUG FXGLApplication      - Loading default localization
00:57:55.124 [FXGL Background Thread 1 ] DEBUG FXGLAssetLoaderServi - Loading from file system: jar:file:/C:/Users/31611/.m2/repository/com/github/almasb/fxgl/17.2/fxgl-17.2.jar!/fxglassets/languages/english.lang
00:57:55.141 [FXGL Background Thread 1 ] INFO  FXGLApplication      - FXGL initialization took: 0,312 sec
00:57:55.150 [JavaFX Application Thread] DEBUG Input                - Registered new binding: RangeLeft - A
00:57:55.150 [JavaFX Application Thread] DEBUG Input                - Registered new binding: RangeRight - D
00:57:55.151 [JavaFX Application Thread] DEBUG Input                - Registered new binding: RangeJump - W
00:57:55.151 [JavaFX Application Thread] DEBUG Input                - Registered new binding: shoot - C
00:57:55.151 [JavaFX Application Thread] DEBUG Input                - Registered new binding: ShieldLeft - Left
00:57:55.152 [JavaFX Application Thread] DEBUG Input                - Registered new binding: ShieldRight - Right
00:57:55.152 [JavaFX Application Thread] DEBUG Input                - Registered new binding: ShieldJump - Up
00:57:55.152 [JavaFX Application Thread] DEBUG Input                - Registered new binding: shield - Space
00:57:55.153 [JavaFX Application Thread] DEBUG FXGLAssetLoaderServi - Loading from file system: jar:file:/C:/Users/31611/.m2/repository/com/github/almasb/fxgl/17.2/fxgl-17.2.jar!/fxglassets/textures/fxgl_icon.png
00:57:55.162 [FXGL Background Thread 4 ] DEBUG FXGLAssetLoaderServi - Loading from file system: jar:file:/C:/Users/31611/.m2/repository/com/github/almasb/fxgl/17.2/fxgl-17.2.jar!/fxglassets/ui/fonts/Abel-Regular.ttf
00:57:55.172 [FXGL Background Thread 4 ] DEBUG FXGLAssetLoaderServi - Loading from file system: jar:file:/C:/Users/31611/.m2/repository/com/github/almasb/fxgl/17.2/fxgl-17.2.jar!/fxglassets/ui/fonts/TerminalLandMono-Regular.otf
00:57:55.173 [JavaFX Application Thread] DEBUG FXGLAssetLoaderServi - Loading from file system: jar:file:/C:/Users/31611/.m2/repository/com/github/almasb/fxgl/17.2/fxgl-17.2.jar!/fxglassets/textures/fxgl_default_cursor.png
00:57:55.175 [JavaFX Application Thread] DEBUG Input                - Registered new binding: Screenshot - CTRL+8
00:57:55.176 [JavaFX Application Thread] DEBUG Input                - Registered new binding: System info dump - CTRL+9
00:57:55.176 [JavaFX Application Thread] DEBUG Input                - Registered new binding: Restart - CTRL+R
00:57:55.177 [JavaFX Application Thread] DEBUG Input                - Registered new binding: Toggle Debug Camera - CTRL+7
00:57:55.179 [JavaFX Application Thread] DEBUG LoopRunner           - Starting loop
00:57:55.179 [JavaFX Application Thread] DEBUG LoopRunner           - Initializing JavaFX AnimationTimerLoop
00:57:55.179 [FXGL Background Thread 4 ] DEBUG FXGLAssetLoaderServi - Loading from file system: jar:file:/C:/Users/31611/.m2/repository/com/github/almasb/fxgl/17.2/fxgl-17.2.jar!/fxglassets/ui/fonts/Courier-Prime.ttf
00:57:55.180 [JavaFX Application Thread] DEBUG GameApplicationServi - Starting new game
00:57:55.180 [JavaFX Application Thread] DEBUG Input                - Clearing active input actions
00:57:55.190 [JavaFX Application Thread] DEBUG GameApplicationServi - Removing overlay from FXGLStartupScene and adding to FXGLLoadingScene
00:57:55.190 [JavaFX Application Thread] DEBUG PrimaryStageWindow   - FXGLStartupScene -> FXGLLoadingScene
00:57:55.190 [JavaFX Application Thread] DEBUG GameApplicationServi - Clearing previous game
00:57:55.190 [JavaFX Application Thread] DEBUG GameScene            - Clearing game scene
00:57:55.190 [JavaFX Application Thread] DEBUG GameWorld            - Clearing game world
00:57:55.190 [JavaFX Application Thread] DEBUG PhysicsWorld         - Clearing physics world
00:57:55.191 [JavaFX Application Thread] DEBUG FXGLApplication      - Registering font factories with UI factory
00:57:55.191 [FXGL Background Thread 4 ] DEBUG FXGLApplication      - Initializing game
00:57:55.232 [FXGL Background Thread 4 ] WARN  TMXLevelLoader       - TiledMap generated from 1.10.1. Supported version: 1.9.0. Some features may not be parsed fully.
00:57:55.243 [FXGL Background Thread 4 ] DEBUG TMXLevelLoader       - Parsed TiledMap: file:/C:/Users/31611/IdeaProjects/challengeweekSE-goed/target/classes/assets/levels/tmx/lostvikings_test.tmx
00:57:55.244 [FXGL Background Thread 4 ] DEBUG TMXLevelLoader       - Creating tile layer entities
00:57:55.245 [FXGL Background Thread 4 ] DEBUG TilesetLoader        - Loading view for layer Tile Layer 1
00:57:55.247 [FXGL Background Thread 4 ] DEBUG TilesetLoader        - Created buffer with size 1080.0x1080.0
00:57:55.254 [FXGL Background Thread 4 ] DEBUG TMXLevelLoader       - Creating object layer entities
00:57:55.270 [FXGL Background Thread 4 ] DEBUG FXGLAssetLoaderServi - Loading from file system: file:/C:/Users/31611/IdeaProjects/challengeweekSE-goed/target/classes/assets/textures/zombie.png
00:57:55.274 [FXGL Background Thread 4 ] DEBUG FXGLAssetLoaderServi - Loading from file system: file:/C:/Users/31611/IdeaProjects/challengeweekSE-goed/target/classes/assets/textures/heart3.png
00:57:55.275 [FXGL Background Thread 4 ] DEBUG GameWorld            - Clearing removable entities
00:57:55.277 [FXGL Background Thread 4 ] DEBUG GameWorld            - Setting level: com.almasb.fxgl.entity.level.Level@30669b62
00:57:55.282 [FXGL Background Thread 4 ] DEBUG FXGLAssetLoaderServi - Loading from file system: file:/C:/Users/31611/IdeaProjects/challengeweekSE-goed/target/classes/assets/textures/shieldguy.png
00:57:55.286 [FXGL Background Thread 4 ] DEBUG FXGLAssetLoaderServi - Loading from file system: file:/C:/Users/31611/IdeaProjects/challengeweekSE-goed/target/classes/assets/textures/rangeguy.png
00:57:55.290 [FXGL Background Thread 4 ] INFO  FXGLApplication      - Game initialization took: 0,100 sec
00:57:55.300 [JavaFX Application Thread] DEBUG Input                - Clearing active input actions
00:57:55.307 [JavaFX Application Thread] DEBUG GameApplicationServi - Removing overlay from FXGLLoadingScene and adding to GameScene
00:57:55.307 [JavaFX Application Thread] DEBUG PrimaryStageWindow   - FXGLLoadingScene -> GameScene
00:57:55.429 [FXGL Background Thread 2 ] INFO  UpdaterService       - Your current version:  17.2
00:57:55.430 [FXGL Background Thread 2 ] INFO  UpdaterService       - Latest stable version: 17.3
00:57:56.111 [JavaFX Application Thread] WARN  FXGLAssetLoaderServi - Asset "/assets/textures/heart0.png" was not found!
00:57:56.112 [JavaFX Application Thread] WARN  FXGLAssetLoaderServi - Failed to load IMAGE
00:57:56.118 [JavaFX Application Thread] WARN  FXGLAssetLoaderServi - Asset "/assets/textures/heart0.png" was not found!
00:57:56.118 [JavaFX Application Thread] WARN  FXGLAssetLoaderServi - Failed to load IMAGE
00:57:56.125 [JavaFX Application Thread] WARN  FXGLAssetLoaderServi - Asset "/assets/textures/heart0.png" was not found!
00:57:56.126 [JavaFX Application Thread] WARN  FXGLAssetLoaderServi - Failed to load IMAGE
00:57:56.132 [JavaFX Application Thread] WARN  FXGLAssetLoaderServi - Asset "/assets/textures/heart0.png" was not found!
00:57:56.133 [JavaFX Application Thread] WARN  FXGLAssetLoaderServi - Failed to load IMAGE
00:57:56.134 [JavaFX Application Thread] WARN  FXGLAssetLoaderServi - Asset "/assets/textures/heart0.png" was not found!
00:57:56.134 [JavaFX Application Thread] WARN  FXGLAssetLoaderServi - Failed to load IMAGE
00:57:56.146 [JavaFX Application Thread] WARN  FXGLAssetLoaderServi - Asset "/assets/textures/heart0.png" was not found!
00:57:56.146 [JavaFX Application Thread] WARN  FXGLAssetLoaderServi - Failed to load IMAGE
00:57:56.150 [JavaFX Application Thread] WARN  FXGLAssetLoaderServi - Asset "/assets/textures/heart0.png" was not found!
00:57:56.150 [JavaFX Application Thread] WARN  FXGLAssetLoaderServi - Failed to load IMAGE
00:57:56.160 [JavaFX Application Thread] WARN  FXGLAssetLoaderServi - Asset "/assets/textures/heart0.png" was not found!
00:57:56.160 [JavaFX Application Thread] WARN  FXGLAssetLoaderServi - Failed to load IMAGE
00:57:56.165 [JavaFX Application Thread] WARN  FXGLAssetLoaderServi - Asset "/assets/textures/heart0.png" was not found!
00:57:56.165 [JavaFX Application Thread] WARN  FXGLAssetLoaderServi - Failed to load IMAGE
00:57:56.175 [JavaFX Application Thread] WARN  FXGLAssetLoaderServi - Asset "/assets/textures/heart0.png" was not found!
00:57:56.175 [JavaFX Application Thread] WARN  FXGLAssetLoaderServi - Failed to load IMAGE
00:57:56.182 [JavaFX Application Thread] WARN  FXGLAssetLoaderServi - Asset "/assets/textures/heart0.png" was not found!
00:57:56.182 [JavaFX Application Thread] WARN  FXGLAssetLoaderServi - Failed to load IMAGE
00:57:56.189 [JavaFX Application Thread] WARN  FXGLAssetLoaderServi - Asset "/assets/textures/heart0.png" was not found!
00:57:56.189 [JavaFX Application Thread] WARN  FXGLAssetLoaderServi - Failed to load IMAGE
00:57:56.195 [JavaFX Application Thread] WARN  FXGLAssetLoaderServi - Asset "/assets/textures/heart0.png" was not found!
00:57:56.196 [JavaFX Application Thread] WARN  FXGLAssetLoaderServi - Failed to load IMAGE
00:57:56.198 [JavaFX Application Thread] WARN  FXGLAssetLoaderServi - Asset "/assets/textures/heart0.png" was not found!
00:57:56.198 [JavaFX Application Thread] WARN  FXGLAssetLoaderServi - Failed to load IMAGE
00:57:56.209 [JavaFX Application Thread] WARN  FXGLAssetLoaderServi - Asset "/assets/textures/heart0.png" was not found!
00:57:56.209 [JavaFX Application Thread] WARN  FXGLAssetLoaderServi - Failed to load IMAGE
00:57:56.215 [JavaFX Application Thread] WARN  FXGLAssetLoaderServi - Asset "/assets/textures/heart0.png" was not found!
00:57:56.215 [JavaFX Application Thread] WARN  FXGLAssetLoaderServi - Failed to load IMAGE
00:57:56.223 [JavaFX Application Thread] WARN  FXGLAssetLoaderServi - Asset "/assets/textures/heart0.png" was not found!
00:57:56.223 [JavaFX Application Thread] WARN  FXGLAssetLoaderServi - Failed to load IMAGE
00:57:56.230 [JavaFX Application Thread] WARN  FXGLAssetLoaderServi - Asset "/assets/textures/heart0.png" was not found!
00:57:56.231 [JavaFX Application Thread] WARN  FXGLAssetLoaderServi - Failed to load IMAGE
00:57:56.238 [JavaFX Application Thread] WARN  FXGLAssetLoaderServi - Asset "/assets/textures/heart0.png" was not found!
00:57:56.238 [JavaFX Application Thread] WARN  FXGLAssetLoaderServi - Failed to load IMAGE
00:57:56.244 [JavaFX Application Thread] WARN  FXGLAssetLoaderServi - Asset "/assets/textures/heart0.png" was not found!
00:57:56.244 [JavaFX Application Thread] WARN  FXGLAssetLoaderServi - Failed to load IMAGE
00:57:56.246 [JavaFX Application Thread] WARN  FXGLAssetLoaderServi - Asset "/assets/textures/heart0.png" was not found!
00:57:56.246 [JavaFX Application Thread] WARN  FXGLAssetLoaderServi - Failed to load IMAGE
00:57:56.258 [JavaFX Application Thread] WARN  FXGLAssetLoaderServi - Asset "/assets/textures/heart0.png" was not found!
00:57:56.258 [JavaFX Application Thread] WARN  FXGLAssetLoaderServi - Failed to load IMAGE
00:57:56.262 [JavaFX Application Thread] WARN  FXGLAssetLoaderServi - Asset "/assets/textures/heart0.png" was not found!
00:57:56.262 [JavaFX Application Thread] WARN  FXGLAssetLoaderServi - Failed to load IMAGE
00:57:56.271 [JavaFX Application Thread] WARN  FXGLAssetLoaderServi - Asset "/assets/textures/heart0.png" was not found!
00:57:56.271 [JavaFX Application Thread] WARN  FXGLAssetLoaderServi - Failed to load IMAGE
00:57:56.277 [JavaFX Application Thread] WARN  FXGLAssetLoaderServi - Asset "/assets/textures/heart0.png" was not found!
00:57:56.278 [JavaFX Application Thread] WARN  FXGLAssetLoaderServi - Failed to load IMAGE
00:57:56.285 [JavaFX Application Thread] WARN  FXGLAssetLoaderServi - Asset "/assets/textures/heart0.png" was not found!
00:57:56.285 [JavaFX Application Thread] WARN  FXGLAssetLoaderServi - Failed to load IMAGE
00:57:56.292 [JavaFX Application Thread] WARN  FXGLAssetLoaderServi - Asset "/assets/textures/heart0.png" was not found!
00:57:56.292 [JavaFX Application Thread] WARN  FXGLAssetLoaderServi - Failed to load IMAGE
00:57:56.293 [JavaFX Application Thread] WARN  FXGLAssetLoaderServi - Asset "/assets/textures/heart0.png" was not found!
00:57:56.293 [JavaFX Application Thread] WARN  FXGLAssetLoaderServi - Failed to load IMAGE
00:57:56.306 [JavaFX Application Thread] WARN  FXGLAssetLoaderServi - Asset "/assets/textures/heart0.png" was not found!
00:57:56.306 [JavaFX Application Thread] WARN  FXGLAssetLoaderServi - Failed to load IMAGE
00:57:56.309 [JavaFX Application Thread] WARN  FXGLAssetLoaderServi - Asset "/assets/textures/heart0.png" was not found!
00:57:56.309 [JavaFX Application Thread] WARN  FXGLAssetLoaderServi - Failed to load IMAGE
00:57:56.320 [JavaFX Application Thread] WARN  FXGLAssetLoaderServi - Asset "/assets/textures/heart0.png" was not found!
00:57:56.320 [JavaFX Application Thread] WARN  FXGLAssetLoaderServi - Failed to load IMAGE
00:57:56.325 [JavaFX Application Thread] WARN  FXGLAssetLoaderServi - Asset "/assets/textures/heart0.png" was not found!
00:57:56.326 [JavaFX Application Thread] WARN  FXGLAssetLoaderServi - Failed to load IMAGE
00:57:56.335 [JavaFX Application Thread] WARN  FXGLAssetLoaderServi - Asset "/assets/textures/heart0.png" was not found!
00:57:56.335 [JavaFX Application Thread] WARN  FXGLAssetLoaderServi - Failed to load IMAGE
00:57:56.341 [JavaFX Application Thread] WARN  FXGLAssetLoaderServi - Asset "/assets/textures/heart0.png" was not found!
00:57:56.341 [JavaFX Application Thread] WARN  FXGLAssetLoaderServi - Failed to load IMAGE
00:57:56.349 [JavaFX Application Thread] WARN  FXGLAssetLoaderServi - Asset "/assets/textures/heart0.png" was not found!
00:57:56.349 [JavaFX Application Thread] WARN  FXGLAssetLoaderServi - Failed to load IMAGE
00:57:56.356 [JavaFX Application Thread] WARN  FXGLAssetLoaderServi - Asset "/assets/textures/heart0.png" was not found!
00:57:56.356 [JavaFX Application Thread] WARN  FXGLAssetLoaderServi - Failed to load IMAGE
00:57:56.357 [JavaFX Application Thread] WARN  FXGLAssetLoaderServi - Asset "/assets/textures/heart0.png" was not found!
00:57:56.357 [JavaFX Application Thread] WARN  FXGLAssetLoaderServi - Failed to load IMAGE
00:57:56.369 [JavaFX Application Thread] WARN  FXGLAssetLoaderServi - Asset "/assets/textures/heart0.png" was not found!
00:57:56.369 [JavaFX Application Thread] WARN  FXGLAssetLoaderServi - Failed to load IMAGE
00:57:56.374 [JavaFX Application Thread] WARN  FXGLAssetLoaderServi - Asset "/assets/textures/heart0.png" was not found!
00:57:56.374 [JavaFX Application Thread] WARN  FXGLAssetLoaderServi - Failed to load IMAGE
00:57:56.384 [JavaFX Application Thread] WARN  FXGLAssetLoaderServi - Asset "/assets/textures/heart0.png" was not found!
00:57:56.384 [JavaFX Application Thread] WARN  FXGLAssetLoaderServi - Failed to load IMAGE
00:57:56.391 [JavaFX Application Thread] WARN  FXGLAssetLoaderServi - Asset "/assets/textures/heart0.png" was not found!
00:57:56.391 [JavaFX Application Thread] WARN  FXGLAssetLoaderServi - Failed to load IMAGE
00:57:56.398 [JavaFX Application Thread] WARN  FXGLAssetLoaderServi - Asset "/assets/textures/heart0.png" was not found!
00:57:56.398 [JavaFX Application Thread] WARN  FXGLAssetLoaderServi - Failed to load IMAGE
00:57:56.742 [JavaFX Application Thread] WARN  FXGLAssetLoaderServi - Asset "/assets/textures/heart0.png" was not found!
00:57:56.742 [JavaFX Application Thread] WARN  FXGLAssetLoaderServi - Failed to load IMAGE
00:57:56.751 [JavaFX Application Thread] WARN  FXGLAssetLoaderServi - Asset "/assets/textures/heart0.png" was not found!
00:57:56.751 [JavaFX Application Thread] WARN  FXGLAssetLoaderServi - Failed to load IMAGE
00:57:56.757 [JavaFX Application Thread] WARN  FXGLAssetLoaderServi - Asset "/assets/textures/heart0.png" was not found!
00:57:56.757 [JavaFX Application Thread] WARN  FXGLAssetLoaderServi - Failed to load IMAGE
00:57:56.765 [JavaFX Application Thread] WARN  FXGLAssetLoaderServi - Asset "/assets/textures/heart0.png" was not found!
00:57:56.765 [JavaFX Application Thread] WARN  FXGLAssetLoaderServi - Failed to load IMAGE
00:57:56.771 [JavaFX Application Thread] WARN  FXGLAssetLoaderServi - Asset "/assets/textures/heart0.png" was not found!
00:57:56.771 [JavaFX Application Thread] WARN  FXGLAssetLoaderServi - Failed to load IMAGE
00:57:56.773 [JavaFX Application Thread] WARN  FXGLAssetLoaderServi - Asset "/assets/textures/heart0.png" was not found!
00:57:56.773 [JavaFX Application Thread] WARN  FXGLAssetLoaderServi - Failed to load IMAGE
00:57:56.785 [JavaFX Application Thread] WARN  FXGLAssetLoaderServi - Asset "/assets/textures/heart0.png" was not found!
00:57:56.785 [JavaFX Application Thread] WARN  FXGLAssetLoaderServi - Failed to load IMAGE
00:57:56.789 [JavaFX Application Thread] WARN  FXGLAssetLoaderServi - Asset "/assets/textures/heart0.png" was not found!
00:57:56.789 [JavaFX Application Thread] WARN  FXGLAssetLoaderServi - Failed to load IMAGE
00:57:56.798 [JavaFX Application Thread] WARN  FXGLAssetLoaderServi - Asset "/assets/textures/heart0.png" was not found!
00:57:56.799 [JavaFX Application Thread] WARN  FXGLAssetLoaderServi - Failed to load IMAGE
00:57:56.805 [JavaFX Application Thread] WARN  FXGLAssetLoaderServi - Asset "/assets/textures/heart0.png" was not found!
00:57:56.805 [JavaFX Application Thread] WARN  FXGLAssetLoaderServi - Failed to load IMAGE
00:57:56.812 [JavaFX Application Thread] WARN  FXGLAssetLoaderServi - Asset "/assets/textures/heart0.png" was not found!
00:57:56.812 [JavaFX Application Thread] WARN  FXGLAssetLoaderServi - Failed to load IMAGE
00:57:56.819 [JavaFX Application Thread] WARN  FXGLAssetLoaderServi - Asset "/assets/textures/heart0.png" was not found!
00:57:56.819 [JavaFX Application Thread] WARN  FXGLAssetLoaderServi - Failed to load IMAGE
00:57:56.821 [JavaFX Application Thread] WARN  FXGLAssetLoaderServi - Asset "/assets/textures/heart0.png" was not found!
00:57:56.821 [JavaFX Application Thread] WARN  FXGLAssetLoaderServi - Failed to load IMAGE
00:57:56.833 [JavaFX Application Thread] WARN  FXGLAssetLoaderServi - Asset "/assets/textures/heart0.png" was not found!
00:57:56.833 [JavaFX Application Thread] WARN  FXGLAssetLoaderServi - Failed to load IMAGE
00:57:56.837 [JavaFX Application Thread] WARN  FXGLAssetLoaderServi - Asset "/assets/textures/heart0.png" was not found!
00:57:56.837 [JavaFX Application Thread] WARN  FXGLAssetLoaderServi - Failed to load IMAGE
00:57:56.847 [JavaFX Application Thread] WARN  FXGLAssetLoaderServi - Asset "/assets/textures/heart0.png" was not found!
00:57:56.847 [JavaFX Application Thread] WARN  FXGLAssetLoaderServi - Failed to load IMAGE
00:57:56.853 [JavaFX Application Thread] WARN  FXGLAssetLoaderServi - Asset "/assets/textures/heart0.png" was not found!
00:57:56.854 [JavaFX Application Thread] WARN  FXGLAssetLoaderServi - Failed to load IMAGE
00:57:56.861 [JavaFX Application Thread] WARN  FXGLAssetLoaderServi - Asset "/assets/textures/heart0.png" was not found!
00:57:56.862 [JavaFX Application Thread] WARN  FXGLAssetLoaderServi - Failed to load IMAGE
00:57:56.868 [JavaFX Application Thread] WARN  FXGLAssetLoaderServi - Asset "/assets/textures/heart0.png" was not found!
00:57:56.868 [JavaFX Application Thread] WARN  FXGLAssetLoaderServi - Failed to load IMAGE
00:57:56.876 [JavaFX Application Thread] WARN  FXGLAssetLoaderServi - Asset "/assets/textures/heart0.png" was not found!
00:57:56.876 [JavaFX Application Thread] WARN  FXGLAssetLoaderServi - Failed to load IMAGE
00:57:56.883 [JavaFX Application Thread] WARN  FXGLAssetLoaderServi - Asset "/assets/textures/heart0.png" was not found!
00:57:56.883 [JavaFX Application Thread] WARN  FXGLAssetLoaderServi - Failed to load IMAGE
00:57:56.886 [JavaFX Application Thread] WARN  FXGLAssetLoaderServi - Asset "/assets/textures/heart0.png" was not found!
00:57:56.886 [JavaFX Application Thread] WARN  FXGLAssetLoaderServi - Failed to load IMAGE
00:57:56.897 [JavaFX Application Thread] WARN  FXGLAssetLoaderServi - Asset "/assets/textures/heart0.png" was not found!
00:57:56.897 [JavaFX Application Thread] WARN  FXGLAssetLoaderServi - Failed to load IMAGE
00:57:56.902 [JavaFX Application Thread] WARN  FXGLAssetLoaderServi - Asset "/assets/textures/heart0.png" was not found!
00:57:56.902 [JavaFX Application Thread] WARN  FXGLAssetLoaderServi - Failed to load IMAGE
00:57:56.910 [JavaFX Application Thread] WARN  FXGLAssetLoaderServi - Asset "/assets/textures/heart0.png" was not found!
00:57:56.911 [JavaFX Application Thread] WARN  FXGLAssetLoaderServi - Failed to load IMAGE
00:57:56.917 [JavaFX Application Thread] WARN  FXGLAssetLoaderServi - Asset "/assets/textures/heart0.png" was not found!
00:57:56.917 [JavaFX Application Thread] WARN  FXGLAssetLoaderServi - Failed to load IMAGE
00:57:56.924 [JavaFX Application Thread] WARN  FXGLAssetLoaderServi - Asset "/assets/textures/heart0.png" was not found!
00:57:56.924 [JavaFX Application Thread] WARN  FXGLAssetLoaderServi - Failed to load IMAGE
00:57:56.931 [JavaFX Application Thread] WARN  FXGLAssetLoaderServi - Asset "/assets/textures/heart0.png" was not found!
00:57:56.931 [JavaFX Application Thread] WARN  FXGLAssetLoaderServi - Failed to load IMAGE
00:57:56.934 [JavaFX Application Thread] WARN  FXGLAssetLoaderServi - Asset "/assets/textures/heart0.png" was not found!
00:57:56.934 [JavaFX Application Thread] WARN  FXGLAssetLoaderServi - Failed to load IMAGE
00:57:56.947 [JavaFX Application Thread] WARN  FXGLAssetLoaderServi - Asset "/assets/textures/heart0.png" was not found!
00:57:56.947 [JavaFX Application Thread] WARN  FXGLAssetLoaderServi - Failed to load IMAGE
00:57:56.950 [JavaFX Application Thread] WARN  FXGLAssetLoaderServi - Asset "/assets/textures/heart0.png" was not found!
00:57:56.950 [JavaFX Application Thread] WARN  FXGLAssetLoaderServi - Failed to load IMAGE
00:57:56.960 [JavaFX Application Thread] WARN  FXGLAssetLoaderServi - Asset "/assets/textures/heart0.png" was not found!
00:57:56.960 [JavaFX Application Thread] WARN  FXGLAssetLoaderServi - Failed to load IMAGE
00:57:56.966 [JavaFX Application Thread] WARN  FXGLAssetLoaderServi - Asset "/assets/textures/heart0.png" was not found!
00:57:56.967 [JavaFX Application Thread] WARN  FXGLAssetLoaderServi - Failed to load IMAGE
00:57:56.973 [JavaFX Application Thread] WARN  FXGLAssetLoaderServi - Asset "/assets/textures/heart0.png" was not found!
00:57:56.973 [JavaFX Application Thread] WARN  FXGLAssetLoaderServi - Failed to load IMAGE
00:57:56.980 [JavaFX Application Thread] WARN  FXGLAssetLoaderServi - Asset "/assets/textures/heart0.png" was not found!
00:57:56.981 [JavaFX Application Thread] WARN  FXGLAssetLoaderServi - Failed to load IMAGE
00:57:56.987 [JavaFX Application Thread] WARN  FXGLAssetLoaderServi - Asset "/assets/textures/heart0.png" was not found!
00:57:56.987 [JavaFX Application Thread] WARN  FXGLAssetLoaderServi - Failed to load IMAGE
00:57:56.994 [JavaFX Application Thread] WARN  FXGLAssetLoaderServi - Asset "/assets/textures/heart0.png" was not found!
00:57:56.994 [JavaFX Application Thread] WARN  FXGLAssetLoaderServi - Failed to load IMAGE
00:57:56.997 [JavaFX Application Thread] WARN  FXGLAssetLoaderServi - Asset "/assets/textures/heart0.png" was not found!
00:57:56.997 [JavaFX Application Thread] WARN  FXGLAssetLoaderServi - Failed to load IMAGE
00:57:57.008 [JavaFX Application Thread] WARN  FXGLAssetLoaderServi - Asset "/assets/textures/heart0.png" was not found!
00:57:57.008 [JavaFX Application Thread] WARN  FXGLAssetLoaderServi - Failed to load IMAGE
00:57:57.013 [JavaFX Application Thread] WARN  FXGLAssetLoaderServi - Asset "/assets/textures/heart0.png" was not found!
00:57:57.013 [JavaFX Application Thread] WARN  FXGLAssetLoaderServi - Failed to load IMAGE
00:57:57.022 [JavaFX Application Thread] WARN  FXGLAssetLoaderServi - Asset "/assets/textures/heart0.png" was not found!
00:57:57.022 [JavaFX Application Thread] WARN  FXGLAssetLoaderServi - Failed to load IMAGE
00:57:57.029 [JavaFX Application Thread] WARN  FXGLAssetLoaderServi - Asset "/assets/textures/heart0.png" was not found!
00:57:57.029 [JavaFX Application Thread] WARN  FXGLAssetLoaderServi - Failed to load IMAGE
00:57:58.123 [FXGL Background Thread 3 ] DEBUG Engine               - Logging environment variables
00:57:58.123 [FXGL Background Thread 3 ] DEBUG Engine               - achievements: []
00:57:58.123 [FXGL Background Thread 3 ] DEBUG Engine               - actualHeight: 1080.0
00:57:58.123 [FXGL Background Thread 3 ] DEBUG Engine               - actualHeightProperty: ReadOnlyDoubleProperty [value: 1080.0]
00:57:58.123 [FXGL Background Thread 3 ] DEBUG Engine               - actualWidth: 1080.0
00:57:58.123 [FXGL Background Thread 3 ] DEBUG Engine               - actualWidthProperty: ReadOnlyDoubleProperty [value: 1080.0]
00:57:58.123 [FXGL Background Thread 3 ] DEBUG Engine               - appIcon: fxgl_icon.png
00:57:58.123 [FXGL Background Thread 3 ] DEBUG Engine               - applicationMode: DEVELOPER
00:57:58.123 [FXGL Background Thread 3 ] DEBUG Engine               - cSSList: [fxgl_dark.css]
00:57:58.123 [FXGL Background Thread 3 ] DEBUG Engine               - collisionDetectionStrategy: BRUTE_FORCE
00:57:58.123 [FXGL Background Thread 3 ] DEBUG Engine               - configClass: Optional.empty
00:57:58.123 [FXGL Background Thread 3 ] DEBUG Engine               - credits: []
00:57:58.124 [FXGL Background Thread 3 ] DEBUG Engine               - defaultCursor: CursorInfo(imageName=fxgl_default_cursor.png, hotspotX=7.0, hotspotY=6.0)
00:57:58.124 [FXGL Background Thread 3 ] DEBUG Engine               - devBBoxColorProperty: ObjectProperty [value: 0xff0000ff]
00:57:58.124 [FXGL Background Thread 3 ] DEBUG Engine               - devEnableDebugCameraProperty: BooleanProperty [value: false]
00:57:58.124 [FXGL Background Thread 3 ] DEBUG Engine               - devSensorColorProperty: ObjectProperty [value: 0xffff00ff]
00:57:58.124 [FXGL Background Thread 3 ] DEBUG Engine               - devShowBBoxProperty: BooleanProperty [value: false]
00:57:58.124 [FXGL Background Thread 3 ] DEBUG Engine               - devShowPositionProperty: BooleanProperty [value: false]
00:57:58.124 [FXGL Background Thread 3 ] DEBUG Engine               - enabledMenuItems: []
00:57:58.124 [FXGL Background Thread 3 ] DEBUG Engine               - engineServices: [class com.almasb.fxgl.app.services.FXGLAssetLoaderService, class com.almasb.fxgl.app.FXGLApplication$GameApplicationService, class com.almasb.fxgl.app.services.FXGLDialogService, class com.almasb.fxgl.app.services.IOTaskExecutorService, class com.almasb.fxgl.io.FileSystemService, class com.almasb.fxgl.localization.LocalizationService, class com.almasb.fxgl.app.services.SystemBundleService, class com.almasb.fxgl.profile.SaveLoadService, class com.almasb.fxgl.ui.FXGLUIFactoryServiceProvider, class com.almasb.fxgl.ui.FXGLDialogFactoryServiceProvider, class com.almasb.fxgl.audio.AudioPlayer, class com.almasb.fxgl.notification.impl.NotificationServiceProvider, class com.almasb.fxgl.achievement.AchievementService, class com.almasb.fxgl.cutscene.CutsceneService, class com.almasb.fxgl.minigames.MiniGameService, class com.almasb.fxgl.net.NetService, class com.almasb.fxgl.app.services.UpdaterService, class com.almasb.fxgl.dev.DevService]
00:57:58.124 [FXGL Background Thread 3 ] DEBUG Engine               - fontGame: Abel-Regular.ttf
00:57:58.124 [FXGL Background Thread 3 ] DEBUG Engine               - fontMono: TerminalLandMono-Regular.otf
00:57:58.124 [FXGL Background Thread 3 ] DEBUG Engine               - fontText: Courier-Prime.ttf
00:57:58.124 [FXGL Background Thread 3 ] DEBUG Engine               - fontUI: VarelaRound-Regular.ttf
00:57:58.124 [FXGL Background Thread 3 ] DEBUG Engine               - fullScreen: BooleanProperty [value: false]
00:57:58.124 [FXGL Background Thread 3 ] DEBUG Engine               - gameDifficulty: MEDIUM
00:57:58.124 [FXGL Background Thread 3 ] DEBUG Engine               - gameDifficultyProperty: ObjectProperty [value: MEDIUM]
00:57:58.124 [FXGL Background Thread 3 ] DEBUG Engine               - globalMusicVolume: 0.5
00:57:58.124 [FXGL Background Thread 3 ] DEBUG Engine               - globalMusicVolumeProperty: DoubleProperty [value: 0.5]
00:57:58.124 [FXGL Background Thread 3 ] DEBUG Engine               - globalSoundVolume: 0.5
00:57:58.124 [FXGL Background Thread 3 ] DEBUG Engine               - globalSoundVolumeProperty: DoubleProperty [value: 0.5]
00:57:58.124 [FXGL Background Thread 3 ] DEBUG Engine               - height: 1080
00:57:58.124 [FXGL Background Thread 3 ] DEBUG Engine               - is3D: false
00:57:58.124 [FXGL Background Thread 3 ] DEBUG Engine               - isAndroid: false
00:57:58.124 [FXGL Background Thread 3 ] DEBUG Engine               - isBrowser: false
00:57:58.124 [FXGL Background Thread 3 ] DEBUG Engine               - isClickFeedbackEnabled: false
00:57:58.124 [FXGL Background Thread 3 ] DEBUG Engine               - isCloseConfirmation: false
00:57:58.124 [FXGL Background Thread 3 ] DEBUG Engine               - isDesktop: true
00:57:58.124 [FXGL Background Thread 3 ] DEBUG Engine               - isDeveloperMenuEnabled: false
00:57:58.124 [FXGL Background Thread 3 ] DEBUG Engine               - isEmbedded: false
00:57:58.124 [FXGL Background Thread 3 ] DEBUG Engine               - isEntityPreloadEnabled: true
00:57:58.124 [FXGL Background Thread 3 ] DEBUG Engine               - isExperimentalTiledLargeMap: false
00:57:58.124 [FXGL Background Thread 3 ] DEBUG Engine               - isFileSystemWriteAllowed: true
00:57:58.124 [FXGL Background Thread 3 ] DEBUG Engine               - isFullScreenAllowed: false
00:57:58.125 [FXGL Background Thread 3 ] DEBUG Engine               - isFullScreenFromStart: false
00:57:58.125 [FXGL Background Thread 3 ] DEBUG Engine               - isGameMenuEnabled: true
00:57:58.125 [FXGL Background Thread 3 ] DEBUG Engine               - isIOS: false
00:57:58.125 [FXGL Background Thread 3 ] DEBUG Engine               - isIntroEnabled: false
00:57:58.125 [FXGL Background Thread 3 ] DEBUG Engine               - isLinux: false
00:57:58.125 [FXGL Background Thread 3 ] DEBUG Engine               - isMac: false
00:57:58.125 [FXGL Background Thread 3 ] DEBUG Engine               - isMainMenuEnabled: false
00:57:58.125 [FXGL Background Thread 3 ] DEBUG Engine               - isManualResizeEnabled: false
00:57:58.125 [FXGL Background Thread 3 ] DEBUG Engine               - isMobile: false
00:57:58.125 [FXGL Background Thread 3 ] DEBUG Engine               - isNative: false
00:57:58.125 [FXGL Background Thread 3 ] DEBUG Engine               - isPauseMusicWhenMinimized: true
00:57:58.125 [FXGL Background Thread 3 ] DEBUG Engine               - isPreserveResizeRatio: false
00:57:58.125 [FXGL Background Thread 3 ] DEBUG Engine               - isProfilingEnabled: false
00:57:58.125 [FXGL Background Thread 3 ] DEBUG Engine               - isScaleAffectedOnResize: true
00:57:58.125 [FXGL Background Thread 3 ] DEBUG Engine               - isSingleStep: false
00:57:58.125 [FXGL Background Thread 3 ] DEBUG Engine               - isUserProfileEnabled: false
00:57:58.125 [FXGL Background Thread 3 ] DEBUG Engine               - isWindows: true
00:57:58.125 [FXGL Background Thread 3 ] DEBUG Engine               - language: ObjectProperty [value: ENGLISH]
00:57:58.125 [FXGL Background Thread 3 ] DEBUG Engine               - menuKey: ESCAPE
00:57:58.125 [FXGL Background Thread 3 ] DEBUG Engine               - mouseSensitivity: 0.2
00:57:58.125 [FXGL Background Thread 3 ] DEBUG Engine               - notificationViewClass: class com.almasb.fxgl.notification.view.XboxNotificationView
00:57:58.125 [FXGL Background Thread 3 ] DEBUG Engine               - pixelsPerMeter: 50.0
00:57:58.125 [FXGL Background Thread 3 ] DEBUG Engine               - platform: WINDOWS
00:57:58.125 [FXGL Background Thread 3 ] DEBUG Engine               - prefHeightProperty: ReadOnlyDoubleProperty [value: 1080.0]
00:57:58.125 [FXGL Background Thread 3 ] DEBUG Engine               - prefWidthProperty: ReadOnlyDoubleProperty [value: 1080.0]
00:57:58.125 [FXGL Background Thread 3 ] DEBUG Engine               - profileDir: profiles/
00:57:58.125 [FXGL Background Thread 3 ] DEBUG Engine               - profileName: StringProperty [value: DEFAULT]
00:57:58.125 [FXGL Background Thread 3 ] DEBUG Engine               - randomSeed: -1
00:57:58.125 [FXGL Background Thread 3 ] DEBUG Engine               - runtimeInfo: RuntimeInfo(platform=WINDOWS, version=17.2, build=20.08.2022 16.50)
00:57:58.125 [FXGL Background Thread 3 ] DEBUG Engine               - saveFileExt: sav
00:57:58.125 [FXGL Background Thread 3 ] DEBUG Engine               - scaledHeightProp$fxgl: DoubleProperty [bound, value: 1080.0]
00:57:58.125 [FXGL Background Thread 3 ] DEBUG Engine               - scaledWidthProp$fxgl: DoubleProperty [bound, value: 1080.0]
00:57:58.126 [FXGL Background Thread 3 ] DEBUG Engine               - sceneFactory: com.almasb.fxgl.app.scene.SceneFactory@3782cc10
00:57:58.126 [FXGL Background Thread 3 ] DEBUG Engine               - secondsIn24h: 60
00:57:58.126 [FXGL Background Thread 3 ] DEBUG Engine               - soundMenuBack: menu/back.wav
00:57:58.126 [FXGL Background Thread 3 ] DEBUG Engine               - soundMenuPress: menu/press.wav
00:57:58.126 [FXGL Background Thread 3 ] DEBUG Engine               - soundMenuSelect: menu/select.wav
00:57:58.126 [FXGL Background Thread 3 ] DEBUG Engine               - soundNotification: core/notification.wav
00:57:58.126 [FXGL Background Thread 3 ] DEBUG Engine               - stageStyle: DECORATED
00:57:58.126 [FXGL Background Thread 3 ] DEBUG Engine               - supportedLanguages: [ENGLISH, FRENCH, GERMAN, HUNGARIAN, RUSSIAN]
00:57:58.126 [FXGL Background Thread 3 ] DEBUG Engine               - ticksPerSecond: -1
00:57:58.126 [FXGL Background Thread 3 ] DEBUG Engine               - title: Dinsdag 12:25
00:57:58.126 [FXGL Background Thread 3 ] DEBUG Engine               - urlGithub: https://github.com/AlmasB/FXGL
00:57:58.126 [FXGL Background Thread 3 ] DEBUG Engine               - urlLeaderboard: http://fxgl-top.herokuapp.com/
00:57:58.126 [FXGL Background Thread 3 ] DEBUG Engine               - urlPOM: https://raw.githubusercontent.com/AlmasB/FXGL/release/README.md
00:57:58.126 [FXGL Background Thread 3 ] DEBUG Engine               - userAppClass: class com.example.challengeweeksegoed.Game
00:57:58.126 [FXGL Background Thread 3 ] DEBUG Engine               - version: 1.3
00:57:58.126 [FXGL Background Thread 3 ] DEBUG Engine               - versionCheckDays: 7
00:57:58.126 [FXGL Background Thread 3 ] DEBUG Engine               - width: 1080
00:57:58.126 [FXGL Background Thread 3 ] DEBUG Engine               - Logging services
00:57:58.126 [FXGL Background Thread 3 ] DEBUG Engine               - class com.almasb.fxgl.app.services.FXGLAssetLoaderService
00:57:58.126 [FXGL Background Thread 3 ] DEBUG Engine               - class com.almasb.fxgl.app.FXGLApplication$GameApplicationService
00:57:58.126 [FXGL Background Thread 3 ] DEBUG Engine               - class com.almasb.fxgl.app.services.FXGLDialogService
00:57:58.126 [FXGL Background Thread 3 ] DEBUG Engine               - class com.almasb.fxgl.app.services.IOTaskExecutorService
00:57:58.126 [FXGL Background Thread 3 ] DEBUG Engine               - class com.almasb.fxgl.io.FileSystemService
00:57:58.126 [FXGL Background Thread 3 ] DEBUG Engine               - class com.almasb.fxgl.localization.LocalizationService
00:57:58.126 [FXGL Background Thread 3 ] DEBUG Engine               - class com.almasb.fxgl.app.services.SystemBundleService
00:57:58.126 [FXGL Background Thread 3 ] DEBUG Engine               - class com.almasb.fxgl.profile.SaveLoadService
00:57:58.126 [FXGL Background Thread 3 ] DEBUG Engine               - class com.almasb.fxgl.ui.FXGLUIFactoryServiceProvider
00:57:58.126 [FXGL Background Thread 3 ] DEBUG Engine               - class com.almasb.fxgl.ui.FXGLDialogFactoryServiceProvider
00:57:58.126 [FXGL Background Thread 3 ] DEBUG Engine               - class com.almasb.fxgl.audio.AudioPlayer
00:57:58.126 [FXGL Background Thread 3 ] DEBUG Engine               - class com.almasb.fxgl.notification.impl.NotificationServiceProvider
00:57:58.126 [FXGL Background Thread 3 ] DEBUG Engine               - class com.almasb.fxgl.achievement.AchievementService
00:57:58.126 [FXGL Background Thread 3 ] DEBUG Engine               - class com.almasb.fxgl.cutscene.CutsceneService
00:57:58.126 [FXGL Background Thread 3 ] DEBUG Engine               - class com.almasb.fxgl.minigames.MiniGameService
00:57:58.126 [FXGL Background Thread 3 ] DEBUG Engine               - class com.almasb.fxgl.net.NetService
00:57:58.126 [FXGL Background Thread 3 ] DEBUG Engine               - class com.almasb.fxgl.app.services.UpdaterService
00:57:58.126 [FXGL Background Thread 3 ] DEBUG Engine               - class com.almasb.fxgl.dev.DevService
00:58:01.557 [JavaFX Application Thread] WARN  FXGLAssetLoaderServi - Asset "/assets/textures/heart0.png" was not found!
00:58:01.557 [JavaFX Application Thread] WARN  FXGLAssetLoaderServi - Failed to load IMAGE
00:58:01.570 [JavaFX Application Thread] WARN  FXGLAssetLoaderServi - Asset "/assets/textures/heart0.png" was not found!
00:58:01.570 [JavaFX Application Thread] WARN  FXGLAssetLoaderServi - Failed to load IMAGE
00:58:01.573 [JavaFX Application Thread] WARN  FXGLAssetLoaderServi - Asset "/assets/textures/heart0.png" was not found!
00:58:01.573 [JavaFX Application Thread] WARN  FXGLAssetLoaderServi - Failed to load IMAGE
00:58:01.584 [JavaFX Application Thread] WARN  FXGLAssetLoaderServi - Asset "/assets/textures/heart0.png" was not found!
00:58:01.584 [JavaFX Application Thread] WARN  FXGLAssetLoaderServi - Failed to load IMAGE
00:58:01.590 [JavaFX Application Thread] WARN  FXGLAssetLoaderServi - Asset "/assets/textures/heart0.png" was not found!
00:58:01.590 [JavaFX Application Thread] WARN  FXGLAssetLoaderServi - Failed to load IMAGE
00:58:01.598 [JavaFX Application Thread] WARN  FXGLAssetLoaderServi - Asset "/assets/textures/heart0.png" was not found!
00:58:01.598 [JavaFX Application Thread] WARN  FXGLAssetLoaderServi - Failed to load IMAGE
00:58:01.604 [JavaFX Application Thread] WARN  FXGLAssetLoaderServi - Asset "/assets/textures/heart0.png" was not found!
00:58:01.605 [JavaFX Application Thread] WARN  FXGLAssetLoaderServi - Failed to load IMAGE
00:58:01.606 [JavaFX Application Thread] WARN  FXGLAssetLoaderServi - Asset "/assets/textures/heart0.png" was not found!
00:58:01.606 [JavaFX Application Thread] WARN  FXGLAssetLoaderServi - Failed to load IMAGE
00:58:01.619 [JavaFX Application Thread] WARN  FXGLAssetLoaderServi - Asset "/assets/textures/heart0.png" was not found!
00:58:01.619 [JavaFX Application Thread] WARN  FXGLAssetLoaderServi - Failed to load IMAGE
00:58:01.622 [JavaFX Application Thread] WARN  FXGLAssetLoaderServi - Asset "/assets/textures/heart0.png" was not found!
00:58:01.622 [JavaFX Application Thread] WARN  FXGLAssetLoaderServi - Failed to load IMAGE
00:58:01.632 [JavaFX Application Thread] WARN  FXGLAssetLoaderServi - Asset "/assets/textures/heart0.png" was not found!
00:58:01.632 [JavaFX Application Thread] WARN  FXGLAssetLoaderServi - Failed to load IMAGE
00:58:01.638 [JavaFX Application Thread] WARN  FXGLAssetLoaderServi - Asset "/assets/textures/heart0.png" was not found!
00:58:01.638 [JavaFX Application Thread] WARN  FXGLAssetLoaderServi - Failed to load IMAGE
00:58:01.646 [JavaFX Application Thread] WARN  FXGLAssetLoaderServi - Asset "/assets/textures/heart0.png" was not found!
00:58:01.646 [JavaFX Application Thread] WARN  FXGLAssetLoaderServi - Failed to load IMAGE
00:58:01.653 [JavaFX Application Thread] WARN  FXGLAssetLoaderServi - Asset "/assets/textures/heart0.png" was not found!
00:58:01.653 [JavaFX Application Thread] WARN  FXGLAssetLoaderServi - Failed to load IMAGE
00:58:01.660 [JavaFX Application Thread] WARN  FXGLAssetLoaderServi - Asset "/assets/textures/heart0.png" was not found!
00:58:01.660 [JavaFX Application Thread] WARN  FXGLAssetLoaderServi - Failed to load IMAGE
00:58:01.667 [JavaFX Application Thread] WARN  FXGLAssetLoaderServi - Asset "/assets/textures/heart0.png" was not found!
00:58:01.667 [JavaFX Application Thread] WARN  FXGLAssetLoaderServi - Failed to load IMAGE
00:58:01.670 [JavaFX Application Thread] WARN  FXGLAssetLoaderServi - Asset "/assets/textures/heart0.png" was not found!
00:58:01.670 [JavaFX Application Thread] WARN  FXGLAssetLoaderServi - Failed to load IMAGE
00:58:01.680 [JavaFX Application Thread] WARN  FXGLAssetLoaderServi - Asset "/assets/textures/heart0.png" was not found!
00:58:01.680 [JavaFX Application Thread] WARN  FXGLAssetLoaderServi - Failed to load IMAGE
00:58:01.685 [JavaFX Application Thread] WARN  FXGLAssetLoaderServi - Asset "/assets/textures/heart0.png" was not found!
00:58:01.685 [JavaFX Application Thread] WARN  FXGLAssetLoaderServi - Failed to load IMAGE
00:58:01.694 [JavaFX Application Thread] WARN  FXGLAssetLoaderServi - Asset "/assets/textures/heart0.png" was not found!
00:58:01.694 [JavaFX Application Thread] WARN  FXGLAssetLoaderServi - Failed to load IMAGE
00:58:01.701 [JavaFX Application Thread] WARN  FXGLAssetLoaderServi - Asset "/assets/textures/heart0.png" was not found!
00:58:01.701 [JavaFX Application Thread] WARN  FXGLAssetLoaderServi - Failed to load IMAGE
00:58:01.708 [JavaFX Application Thread] WARN  FXGLAssetLoaderServi - Asset "/assets/textures/heart0.png" was not found!
00:58:01.708 [JavaFX Application Thread] WARN  FXGLAssetLoaderServi - Failed to load IMAGE
00:58:01.715 [JavaFX Application Thread] WARN  FXGLAssetLoaderServi - Asset "/assets/textures/heart0.png" was not found!
00:58:01.715 [JavaFX Application Thread] WARN  FXGLAssetLoaderServi - Failed to load IMAGE
00:58:01.717 [JavaFX Application Thread] WARN  FXGLAssetLoaderServi - Asset "/assets/textures/heart0.png" was not found!
00:58:01.717 [JavaFX Application Thread] WARN  FXGLAssetLoaderServi - Failed to load IMAGE
00:58:01.729 [JavaFX Application Thread] WARN  FXGLAssetLoaderServi - Asset "/assets/textures/heart0.png" was not found!
00:58:01.729 [JavaFX Application Thread] WARN  FXGLAssetLoaderServi - Failed to load IMAGE
00:58:01.733 [JavaFX Application Thread] WARN  FXGLAssetLoaderServi - Asset "/assets/textures/heart0.png" was not found!
00:58:01.733 [JavaFX Application Thread] WARN  FXGLAssetLoaderServi - Failed to load IMAGE
00:58:01.743 [JavaFX Application Thread] WARN  FXGLAssetLoaderServi - Asset "/assets/textures/heart0.png" was not found!
00:58:01.743 [JavaFX Application Thread] WARN  FXGLAssetLoaderServi - Failed to load IMAGE
00:58:01.749 [JavaFX Application Thread] WARN  FXGLAssetLoaderServi - Asset "/assets/textures/heart0.png" was not found!
00:58:01.749 [JavaFX Application Thread] WARN  FXGLAssetLoaderServi - Failed to load IMAGE
00:58:01.757 [JavaFX Application Thread] WARN  FXGLAssetLoaderServi - Asset "/assets/textures/heart0.png" was not found!
00:58:01.757 [JavaFX Application Thread] WARN  FXGLAssetLoaderServi - Failed to load IMAGE
00:58:01.764 [JavaFX Application Thread] WARN  FXGLAssetLoaderServi - Asset "/assets/textures/heart0.png" was not found!
00:58:01.764 [JavaFX Application Thread] WARN  FXGLAssetLoaderServi - Failed to load IMAGE
00:58:01.771 [JavaFX Application Thread] WARN  FXGLAssetLoaderServi - Asset "/assets/textures/heart0.png" was not found!
00:58:01.772 [JavaFX Application Thread] WARN  FXGLAssetLoaderServi - Failed to load IMAGE
00:58:01.779 [JavaFX Application Thread] WARN  FXGLAssetLoaderServi - Asset "/assets/textures/heart0.png" was not found!
00:58:01.779 [JavaFX Application Thread] WARN  FXGLAssetLoaderServi - Failed to load IMAGE
00:58:01.782 [JavaFX Application Thread] WARN  FXGLAssetLoaderServi - Asset "/assets/textures/heart0.png" was not found!
00:58:01.782 [JavaFX Application Thread] WARN  FXGLAssetLoaderServi - Failed to load IMAGE
00:58:01.793 [JavaFX Application Thread] WARN  FXGLAssetLoaderServi - Asset "/assets/textures/heart0.png" was not found!
00:58:01.793 [JavaFX Application Thread] WARN  FXGLAssetLoaderServi - Failed to load IMAGE
00:58:01.798 [JavaFX Application Thread] WARN  FXGLAssetLoaderServi - Asset "/assets/textures/heart0.png" was not found!
00:58:01.798 [JavaFX Application Thread] WARN  FXGLAssetLoaderServi - Failed to load IMAGE
00:58:01.807 [JavaFX Application Thread] WARN  FXGLAssetLoaderServi - Asset "/assets/textures/heart0.png" was not found!
00:58:01.807 [JavaFX Application Thread] WARN  FXGLAssetLoaderServi - Failed to load IMAGE
00:58:01.813 [JavaFX Application Thread] WARN  FXGLAssetLoaderServi - Asset "/assets/textures/heart0.png" was not found!
00:58:01.813 [JavaFX Application Thread] WARN  FXGLAssetLoaderServi - Failed to load IMAGE
00:58:01.821 [JavaFX Application Thread] WARN  FXGLAssetLoaderServi - Asset "/assets/textures/heart0.png" was not found!
00:58:01.821 [JavaFX Application Thread] WARN  FXGLAssetLoaderServi - Failed to load IMAGE
00:58:01.828 [JavaFX Application Thread] WARN  FXGLAssetLoaderServi - Asset "/assets/textures/heart0.png" was not found!
00:58:01.828 [JavaFX Application Thread] WARN  FXGLAssetLoaderServi - Failed to load IMAGE
00:58:01.830 [JavaFX Application Thread] WARN  FXGLAssetLoaderServi - Asset "/assets/textures/heart0.png" was not found!
00:58:01.830 [JavaFX Application Thread] WARN  FXGLAssetLoaderServi - Failed to load IMAGE
00:58:01.842 [JavaFX Application Thread] WARN  FXGLAssetLoaderServi - Asset "/assets/textures/heart0.png" was not found!
00:58:01.842 [JavaFX Application Thread] WARN  FXGLAssetLoaderServi - Failed to load IMAGE
00:58:01.846 [JavaFX Application Thread] WARN  FXGLAssetLoaderServi - Asset "/assets/textures/heart0.png" was not found!
00:58:01.846 [JavaFX Application Thread] WARN  FXGLAssetLoaderServi - Failed to load IMAGE
00:58:01.856 [JavaFX Application Thread] WARN  FXGLAssetLoaderServi - Asset "/assets/textures/heart0.png" was not found!
00:58:01.857 [JavaFX Application Thread] WARN  FXGLAssetLoaderServi - Failed to load IMAGE
00:58:01.862 [JavaFX Application Thread] WARN  FXGLAssetLoaderServi - Asset "/assets/textures/heart0.png" was not found!
00:58:01.862 [JavaFX Application Thread] WARN  FXGLAssetLoaderServi - Failed to load IMAGE
00:58:01.871 [JavaFX Application Thread] WARN  FXGLAssetLoaderServi - Asset "/assets/textures/heart0.png" was not found!
00:58:01.871 [JavaFX Application Thread] WARN  FXGLAssetLoaderServi - Failed to load IMAGE
00:58:01.876 [JavaFX Application Thread] WARN  FXGLAssetLoaderServi - Asset "/assets/textures/heart0.png" was not found!
00:58:01.876 [JavaFX Application Thread] WARN  FXGLAssetLoaderServi - Failed to load IMAGE
00:58:01.883 [JavaFX Application Thread] WARN  FXGLAssetLoaderServi - Asset "/assets/textures/heart0.png" was not found!
00:58:01.883 [JavaFX Application Thread] WARN  FXGLAssetLoaderServi - Failed to load IMAGE
00:58:01.889 [JavaFX Application Thread] WARN  FXGLAssetLoaderServi - Asset "/assets/textures/heart0.png" was not found!
00:58:01.889 [JavaFX Application Thread] WARN  FXGLAssetLoaderServi - Failed to load IMAGE
00:58:01.893 [JavaFX Application Thread] WARN  FXGLAssetLoaderServi - Asset "/assets/textures/heart0.png" was not found!
00:58:01.893 [JavaFX Application Thread] WARN  FXGLAssetLoaderServi - Failed to load IMAGE
00:58:01.903 [JavaFX Application Thread] WARN  FXGLAssetLoaderServi - Asset "/assets/textures/heart0.png" was not found!
00:58:01.903 [JavaFX Application Thread] WARN  FXGLAssetLoaderServi - Failed to load IMAGE
00:58:01.910 [JavaFX Application Thread] WARN  FXGLAssetLoaderServi - Asset "/assets/textures/heart0.png" was not found!
00:58:01.910 [JavaFX Application Thread] WARN  FXGLAssetLoaderServi - Failed to load IMAGE
00:58:06.998 [JavaFX Application Thread] WARN  FXGLAssetLoaderServi - Asset "/assets/textures/heart0.png" was not found!
00:58:06.998 [JavaFX Application Thread] WARN  FXGLAssetLoaderServi - Failed to load IMAGE
00:58:07.009 [JavaFX Application Thread] WARN  FXGLAssetLoaderServi - Asset "/assets/textures/heart0.png" was not found!
00:58:07.009 [JavaFX Application Thread] WARN  FXGLAssetLoaderServi - Failed to load IMAGE
00:58:07.014 [JavaFX Application Thread] WARN  FXGLAssetLoaderServi - Asset "/assets/textures/heart0.png" was not found!
00:58:07.014 [JavaFX Application Thread] WARN  FXGLAssetLoaderServi - Failed to load IMAGE
00:58:07.022 [JavaFX Application Thread] WARN  FXGLAssetLoaderServi - Asset "/assets/textures/heart0.png" was not found!
00:58:07.023 [JavaFX Application Thread] WARN  FXGLAssetLoaderServi - Failed to load IMAGE
00:58:07.030 [JavaFX Application Thread] WARN  FXGLAssetLoaderServi - Asset "/assets/textures/heart0.png" was not found!
00:58:07.030 [JavaFX Application Thread] WARN  FXGLAssetLoaderServi - Failed to load IMAGE
00:58:07.037 [JavaFX Application Thread] WARN  FXGLAssetLoaderServi - Asset "/assets/textures/heart0.png" was not found!
00:58:07.037 [JavaFX Application Thread] WARN  FXGLAssetLoaderServi - Failed to load IMAGE
00:58:07.043 [JavaFX Application Thread] WARN  FXGLAssetLoaderServi - Asset "/assets/textures/heart0.png" was not found!
00:58:07.044 [JavaFX Application Thread] WARN  FXGLAssetLoaderServi - Failed to load IMAGE
00:58:07.046 [JavaFX Application Thread] WARN  FXGLAssetLoaderServi - Asset "/assets/textures/heart0.png" was not found!
00:58:07.046 [JavaFX Application Thread] WARN  FXGLAssetLoaderServi - Failed to load IMAGE
00:58:07.057 [JavaFX Application Thread] WARN  FXGLAssetLoaderServi - Asset "/assets/textures/heart0.png" was not found!
00:58:07.057 [JavaFX Application Thread] WARN  FXGLAssetLoaderServi - Failed to load IMAGE
00:58:07.062 [JavaFX Application Thread] WARN  FXGLAssetLoaderServi - Asset "/assets/textures/heart0.png" was not found!
00:58:07.062 [JavaFX Application Thread] WARN  FXGLAssetLoaderServi - Failed to load IMAGE
00:58:07.071 [JavaFX Application Thread] WARN  FXGLAssetLoaderServi - Asset "/assets/textures/heart0.png" was not found!
00:58:07.071 [JavaFX Application Thread] WARN  FXGLAssetLoaderServi - Failed to load IMAGE
00:58:07.078 [JavaFX Application Thread] WARN  FXGLAssetLoaderServi - Asset "/assets/textures/heart0.png" was not found!
00:58:07.078 [JavaFX Application Thread] WARN  FXGLAssetLoaderServi - Failed to load IMAGE
00:58:07.085 [JavaFX Application Thread] WARN  FXGLAssetLoaderServi - Asset "/assets/textures/heart0.png" was not found!
00:58:07.085 [JavaFX Application Thread] WARN  FXGLAssetLoaderServi - Failed to load IMAGE
00:58:07.092 [JavaFX Application Thread] WARN  FXGLAssetLoaderServi - Asset "/assets/textures/heart0.png" was not found!
00:58:07.092 [JavaFX Application Thread] WARN  FXGLAssetLoaderServi - Failed to load IMAGE
00:58:07.093 [JavaFX Application Thread] WARN  FXGLAssetLoaderServi - Asset "/assets/textures/heart0.png" was not found!
00:58:07.093 [JavaFX Application Thread] WARN  FXGLAssetLoaderServi - Failed to load IMAGE
00:58:07.105 [JavaFX Application Thread] WARN  FXGLAssetLoaderServi - Asset "/assets/textures/heart0.png" was not found!
00:58:07.106 [JavaFX Application Thread] WARN  FXGLAssetLoaderServi - Failed to load IMAGE
00:58:07.109 [JavaFX Application Thread] WARN  FXGLAssetLoaderServi - Asset "/assets/textures/heart0.png" was not found!
00:58:07.109 [JavaFX Application Thread] WARN  FXGLAssetLoaderServi - Failed to load IMAGE
00:58:07.119 [JavaFX Application Thread] WARN  FXGLAssetLoaderServi - Asset "/assets/textures/heart0.png" was not found!
00:58:07.119 [JavaFX Application Thread] WARN  FXGLAssetLoaderServi - Failed to load IMAGE
00:58:07.125 [JavaFX Application Thread] WARN  FXGLAssetLoaderServi - Asset "/assets/textures/heart0.png" was not found!
00:58:07.125 [JavaFX Application Thread] WARN  FXGLAssetLoaderServi - Failed to load IMAGE
00:58:07.133 [JavaFX Application Thread] WARN  FXGLAssetLoaderServi - Asset "/assets/textures/heart0.png" was not found!
00:58:07.133 [JavaFX Application Thread] WARN  FXGLAssetLoaderServi - Failed to load IMAGE
00:58:07.140 [JavaFX Application Thread] WARN  FXGLAssetLoaderServi - Asset "/assets/textures/heart0.png" was not found!
00:58:07.140 [JavaFX Application Thread] WARN  FXGLAssetLoaderServi - Failed to load IMAGE
00:58:07.147 [JavaFX Application Thread] WARN  FXGLAssetLoaderServi - Asset "/assets/textures/heart0.png" was not found!
00:58:07.147 [JavaFX Application Thread] WARN  FXGLAssetLoaderServi - Failed to load IMAGE
00:58:07.154 [JavaFX Application Thread] WARN  FXGLAssetLoaderServi - Asset "/assets/textures/heart0.png" was not found!
00:58:07.154 [JavaFX Application Thread] WARN  FXGLAssetLoaderServi - Failed to load IMAGE
00:58:07.158 [JavaFX Application Thread] WARN  FXGLAssetLoaderServi - Asset "/assets/textures/heart0.png" was not found!
00:58:07.158 [JavaFX Application Thread] WARN  FXGLAssetLoaderServi - Failed to load IMAGE
00:58:07.169 [JavaFX Application Thread] WARN  FXGLAssetLoaderServi - Asset "/assets/textures/heart0.png" was not found!
00:58:07.169 [JavaFX Application Thread] WARN  FXGLAssetLoaderServi - Failed to load IMAGE
00:58:07.174 [JavaFX Application Thread] WARN  FXGLAssetLoaderServi - Asset "/assets/textures/heart0.png" was not found!
00:58:07.174 [JavaFX Application Thread] WARN  FXGLAssetLoaderServi - Failed to load IMAGE
00:58:07.183 [JavaFX Application Thread] WARN  FXGLAssetLoaderServi - Asset "/assets/textures/heart0.png" was not found!
00:58:07.183 [JavaFX Application Thread] WARN  FXGLAssetLoaderServi - Failed to load IMAGE
00:58:07.189 [JavaFX Application Thread] WARN  FXGLAssetLoaderServi - Asset "/assets/textures/heart0.png" was not found!
00:58:07.189 [JavaFX Application Thread] WARN  FXGLAssetLoaderServi - Failed to load IMAGE
00:58:07.196 [JavaFX Application Thread] WARN  FXGLAssetLoaderServi - Asset "/assets/textures/heart0.png" was not found!
00:58:07.196 [JavaFX Application Thread] WARN  FXGLAssetLoaderServi - Failed to load IMAGE
00:58:07.204 [JavaFX Application Thread] WARN  FXGLAssetLoaderServi - Asset "/assets/textures/heart0.png" was not found!
00:58:07.204 [JavaFX Application Thread] WARN  FXGLAssetLoaderServi - Failed to load IMAGE
00:58:07.205 [JavaFX Application Thread] WARN  FXGLAssetLoaderServi - Asset "/assets/textures/heart0.png" was not found!
00:58:07.205 [JavaFX Application Thread] WARN  FXGLAssetLoaderServi - Failed to load IMAGE
00:58:07.218 [JavaFX Application Thread] WARN  FXGLAssetLoaderServi - Asset "/assets/textures/heart0.png" was not found!
00:58:07.218 [JavaFX Application Thread] WARN  FXGLAssetLoaderServi - Failed to load IMAGE
00:58:07.221 [JavaFX Application Thread] WARN  FXGLAssetLoaderServi - Asset "/assets/textures/heart0.png" was not found!
00:58:07.221 [JavaFX Application Thread] WARN  FXGLAssetLoaderServi - Failed to load IMAGE
00:58:07.231 [JavaFX Application Thread] WARN  FXGLAssetLoaderServi - Asset "/assets/textures/heart0.png" was not found!
00:58:07.231 [JavaFX Application Thread] WARN  FXGLAssetLoaderServi - Failed to load IMAGE
00:58:07.237 [JavaFX Application Thread] WARN  FXGLAssetLoaderServi - Asset "/assets/textures/heart0.png" was not found!
00:58:07.237 [JavaFX Application Thread] WARN  FXGLAssetLoaderServi - Failed to load IMAGE
00:58:07.245 [JavaFX Application Thread] WARN  FXGLAssetLoaderServi - Asset "/assets/textures/heart0.png" was not found!
00:58:07.245 [JavaFX Application Thread] WARN  FXGLAssetLoaderServi - Failed to load IMAGE
00:58:07.252 [JavaFX Application Thread] WARN  FXGLAssetLoaderServi - Asset "/assets/textures/heart0.png" was not found!
00:58:07.252 [JavaFX Application Thread] WARN  FXGLAssetLoaderServi - Failed to load IMAGE
00:58:07.253 [JavaFX Application Thread] WARN  FXGLAssetLoaderServi - Asset "/assets/textures/heart0.png" was not found!
00:58:07.253 [JavaFX Application Thread] WARN  FXGLAssetLoaderServi - Failed to load IMAGE
00:58:07.266 [JavaFX Application Thread] WARN  FXGLAssetLoaderServi - Asset "/assets/textures/heart0.png" was not found!
00:58:07.266 [JavaFX Application Thread] WARN  FXGLAssetLoaderServi - Failed to load IMAGE
00:58:07.269 [JavaFX Application Thread] WARN  FXGLAssetLoaderServi - Asset "/assets/textures/heart0.png" was not found!
00:58:07.269 [JavaFX Application Thread] WARN  FXGLAssetLoaderServi - Failed to load IMAGE
00:58:07.279 [JavaFX Application Thread] WARN  FXGLAssetLoaderServi - Asset "/assets/textures/heart0.png" was not found!
00:58:07.279 [JavaFX Application Thread] WARN  FXGLAssetLoaderServi - Failed to load IMAGE
00:58:07.286 [JavaFX Application Thread] WARN  FXGLAssetLoaderServi - Asset "/assets/textures/heart0.png" was not found!
00:58:07.286 [JavaFX Application Thread] WARN  FXGLAssetLoaderServi - Failed to load IMAGE
00:58:07.294 [JavaFX Application Thread] WARN  FXGLAssetLoaderServi - Asset "/assets/textures/heart0.png" was not found!
00:58:07.294 [JavaFX Application Thread] WARN  FXGLAssetLoaderServi - Failed to load IMAGE
00:58:07.301 [JavaFX Application Thread] WARN  FXGLAssetLoaderServi - Asset "/assets/textures/heart0.png" was not found!
00:58:07.301 [JavaFX Application Thread] WARN  FXGLAssetLoaderServi - Failed to load IMAGE
00:58:07.302 [JavaFX Application Thread] WARN  FXGLAssetLoaderServi - Asset "/assets/textures/heart0.png" was not found!
00:58:07.302 [JavaFX Application Thread] WARN  FXGLAssetLoaderServi - Failed to load IMAGE
00:58:07.314 [JavaFX Application Thread] WARN  FXGLAssetLoaderServi - Asset "/assets/textures/heart0.png" was not found!
00:58:07.314 [JavaFX Application Thread] WARN  FXGLAssetLoaderServi - Failed to load IMAGE
00:58:07.318 [JavaFX Application Thread] WARN  FXGLAssetLoaderServi - Asset "/assets/textures/heart0.png" was not found!
00:58:07.318 [JavaFX Application Thread] WARN  FXGLAssetLoaderServi - Failed to load IMAGE
00:58:07.328 [JavaFX Application Thread] WARN  FXGLAssetLoaderServi - Asset "/assets/textures/heart0.png" was not found!
00:58:07.328 [JavaFX Application Thread] WARN  FXGLAssetLoaderServi - Failed to load IMAGE
00:58:07.334 [JavaFX Application Thread] WARN  FXGLAssetLoaderServi - Asset "/assets/textures/heart0.png" was not found!
00:58:07.334 [JavaFX Application Thread] WARN  FXGLAssetLoaderServi - Failed to load IMAGE
00:58:07.342 [JavaFX Application Thread] WARN  FXGLAssetLoaderServi - Asset "/assets/textures/heart0.png" was not found!
00:58:07.342 [JavaFX Application Thread] WARN  FXGLAssetLoaderServi - Failed to load IMAGE
00:58:07.349 [JavaFX Application Thread] WARN  FXGLAssetLoaderServi - Asset "/assets/textures/heart0.png" was not found!
00:58:07.349 [JavaFX Application Thread] WARN  FXGLAssetLoaderServi - Failed to load IMAGE
00:58:07.351 [JavaFX Application Thread] WARN  FXGLAssetLoaderServi - Asset "/assets/textures/heart0.png" was not found!
00:58:07.351 [JavaFX Application Thread] WARN  FXGLAssetLoaderServi - Failed to load IMAGE
00:58:07.363 [JavaFX Application Thread] WARN  FXGLAssetLoaderServi - Asset "/assets/textures/heart0.png" was not found!
00:58:07.363 [JavaFX Application Thread] WARN  FXGLAssetLoaderServi - Failed to load IMAGE
00:58:07.366 [JavaFX Application Thread] WARN  FXGLAssetLoaderServi - Asset "/assets/textures/heart0.png" was not found!
00:58:07.366 [JavaFX Application Thread] WARN  FXGLAssetLoaderServi - Failed to load IMAGE
00:58:07.377 [JavaFX Application Thread] WARN  FXGLAssetLoaderServi - Asset "/assets/textures/heart0.png" was not found!
00:58:07.377 [JavaFX Application Thread] WARN  FXGLAssetLoaderServi - Failed to load IMAGE
00:58:07.382 [JavaFX Application Thread] WARN  FXGLAssetLoaderServi - Asset "/assets/textures/heart0.png" was not found!
00:58:07.382 [JavaFX Application Thread] WARN  FXGLAssetLoaderServi - Failed to load IMAGE
00:58:07.390 [JavaFX Application Thread] WARN  FXGLAssetLoaderServi - Asset "/assets/textures/heart0.png" was not found!
00:58:07.397 [JavaFX Application Thread] WARN  FXGLAssetLoaderServi - Failed to load IMAGE
00:58:07.398 [JavaFX Application Thread] WARN  FXGLAssetLoaderServi - Asset "/assets/textures/heart0.png" was not found!
00:58:07.399 [JavaFX Application Thread] WARN  FXGLAssetLoaderServi - Failed to load IMAGE
00:58:07.404 [JavaFX Application Thread] WARN  FXGLAssetLoaderServi - Asset "/assets/textures/heart0.png" was not found!
00:58:07.404 [JavaFX Application Thread] WARN  FXGLAssetLoaderServi - Failed to load IMAGE
00:58:07.411 [JavaFX Application Thread] WARN  FXGLAssetLoaderServi - Asset "/assets/textures/heart0.png" was not found!
00:58:07.411 [JavaFX Application Thread] WARN  FXGLAssetLoaderServi - Failed to load IMAGE
00:58:07.413 [JavaFX Application Thread] WARN  FXGLAssetLoaderServi - Asset "/assets/textures/heart0.png" was not found!
00:58:07.413 [JavaFX Application Thread] WARN  FXGLAssetLoaderServi - Failed to load IMAGE
00:58:07.425 [JavaFX Application Thread] WARN  FXGLAssetLoaderServi - Asset "/assets/textures/heart0.png" was not found!
00:58:07.425 [JavaFX Application Thread] WARN  FXGLAssetLoaderServi - Failed to load IMAGE
00:58:07.429 [JavaFX Application Thread] WARN  FXGLAssetLoaderServi - Asset "/assets/textures/heart0.png" was not found!
00:58:07.429 [JavaFX Application Thread] WARN  FXGLAssetLoaderServi - Failed to load IMAGE
00:58:07.439 [JavaFX Application Thread] WARN  FXGLAssetLoaderServi - Asset "/assets/textures/heart0.png" was not found!
00:58:07.439 [JavaFX Application Thread] WARN  FXGLAssetLoaderServi - Failed to load IMAGE
00:58:07.445 [JavaFX Application Thread] WARN  FXGLAssetLoaderServi - Asset "/assets/textures/heart0.png" was not found!
00:58:07.445 [JavaFX Application Thread] WARN  FXGLAssetLoaderServi - Failed to load IMAGE
00:58:07.453 [JavaFX Application Thread] WARN  FXGLAssetLoaderServi - Asset "/assets/textures/heart0.png" was not found!
00:58:07.453 [JavaFX Application Thread] WARN  FXGLAssetLoaderServi - Failed to load IMAGE
00:58:07.460 [JavaFX Application Thread] WARN  FXGLAssetLoaderServi - Asset "/assets/textures/heart0.png" was not found!
00:58:07.460 [JavaFX Application Thread] WARN  FXGLAssetLoaderServi - Failed to load IMAGE
00:58:07.467 [JavaFX Application Thread] WARN  FXGLAssetLoaderServi - Asset "/assets/textures/heart0.png" was not found!
00:58:07.467 [JavaFX Application Thread] WARN  FXGLAssetLoaderServi - Failed to load IMAGE
00:58:07.474 [JavaFX Application Thread] WARN  FXGLAssetLoaderServi - Asset "/assets/textures/heart0.png" was not found!
00:58:07.474 [JavaFX Application Thread] WARN  FXGLAssetLoaderServi - Failed to load IMAGE
00:58:07.477 [JavaFX Application Thread] WARN  FXGLAssetLoaderServi - Asset "/assets/textures/heart0.png" was not found!
00:58:07.477 [JavaFX Application Thread] WARN  FXGLAssetLoaderServi - Failed to load IMAGE
00:58:07.488 [JavaFX Application Thread] WARN  FXGLAssetLoaderServi - Asset "/assets/textures/heart0.png" was not found!
00:58:07.488 [JavaFX Application Thread] WARN  FXGLAssetLoaderServi - Failed to load IMAGE
00:58:07.494 [JavaFX Application Thread] WARN  FXGLAssetLoaderServi - Asset "/assets/textures/heart0.png" was not found!
00:58:07.494 [JavaFX Application Thread] WARN  FXGLAssetLoaderServi - Failed to load IMAGE
00:58:07.637 [JavaFX Application Thread] WARN  FXGLAssetLoaderServi - Asset "/assets/textures/heart0.png" was not found!
00:58:07.637 [JavaFX Application Thread] WARN  FXGLAssetLoaderServi - Failed to load IMAGE
00:58:07.647 [JavaFX Application Thread] WARN  FXGLAssetLoaderServi - Asset "/assets/textures/heart0.png" was not found!
00:58:07.647 [JavaFX Application Thread] WARN  FXGLAssetLoaderServi - Failed to load IMAGE
00:58:07.653 [JavaFX Application Thread] WARN  FXGLAssetLoaderServi - Asset "/assets/textures/heart0.png" was not found!
00:58:07.653 [JavaFX Application Thread] WARN  FXGLAssetLoaderServi - Failed to load IMAGE
00:58:07.661 [JavaFX Application Thread] WARN  FXGLAssetLoaderServi - Asset "/assets/textures/heart0.png" was not found!
00:58:07.661 [JavaFX Application Thread] WARN  FXGLAssetLoaderServi - Failed to load IMAGE
00:58:07.668 [JavaFX Application Thread] WARN  FXGLAssetLoaderServi - Asset "/assets/textures/heart0.png" was not found!
00:58:07.668 [JavaFX Application Thread] WARN  FXGLAssetLoaderServi - Failed to load IMAGE
00:58:07.669 [JavaFX Application Thread] WARN  FXGLAssetLoaderServi - Asset "/assets/textures/heart0.png" was not found!
00:58:07.669 [JavaFX Application Thread] WARN  FXGLAssetLoaderServi - Failed to load IMAGE
00:58:07.682 [JavaFX Application Thread] WARN  FXGLAssetLoaderServi - Asset "/assets/textures/heart0.png" was not found!
00:58:07.682 [JavaFX Application Thread] WARN  FXGLAssetLoaderServi - Failed to load IMAGE
00:58:07.686 [JavaFX Application Thread] WARN  FXGLAssetLoaderServi - Asset "/assets/textures/heart0.png" was not found!
00:58:07.686 [JavaFX Application Thread] WARN  FXGLAssetLoaderServi - Failed to load IMAGE
00:58:07.696 [JavaFX Application Thread] WARN  FXGLAssetLoaderServi - Asset "/assets/textures/heart0.png" was not found!
00:58:07.696 [JavaFX Application Thread] WARN  FXGLAssetLoaderServi - Failed to load IMAGE
00:58:07.702 [JavaFX Application Thread] WARN  FXGLAssetLoaderServi - Asset "/assets/textures/heart0.png" was not found!
00:58:07.702 [JavaFX Application Thread] WARN  FXGLAssetLoaderServi - Failed to load IMAGE
00:58:07.710 [JavaFX Application Thread] WARN  FXGLAssetLoaderServi - Asset "/assets/textures/heart0.png" was not found!
00:58:07.710 [JavaFX Application Thread] WARN  FXGLAssetLoaderServi - Failed to load IMAGE
00:58:07.717 [JavaFX Application Thread] WARN  FXGLAssetLoaderServi - Asset "/assets/textures/heart0.png" was not found!
00:58:07.717 [JavaFX Application Thread] WARN  FXGLAssetLoaderServi - Failed to load IMAGE
00:58:07.724 [JavaFX Application Thread] WARN  FXGLAssetLoaderServi - Asset "/assets/textures/heart0.png" was not found!
00:58:07.724 [JavaFX Application Thread] WARN  FXGLAssetLoaderServi - Failed to load IMAGE
00:58:07.731 [JavaFX Application Thread] WARN  FXGLAssetLoaderServi - Asset "/assets/textures/heart0.png" was not found!
00:58:07.731 [JavaFX Application Thread] WARN  FXGLAssetLoaderServi - Failed to load IMAGE
00:58:07.733 [JavaFX Application Thread] WARN  FXGLAssetLoaderServi - Asset "/assets/textures/heart0.png" was not found!
00:58:07.733 [JavaFX Application Thread] WARN  FXGLAssetLoaderServi - Failed to load IMAGE
00:58:07.744 [JavaFX Application Thread] WARN  FXGLAssetLoaderServi - Asset "/assets/textures/heart0.png" was not found!
00:58:07.744 [JavaFX Application Thread] WARN  FXGLAssetLoaderServi - Failed to load IMAGE
00:58:07.749 [JavaFX Application Thread] WARN  FXGLAssetLoaderServi - Asset "/assets/textures/heart0.png" was not found!
00:58:07.749 [JavaFX Application Thread] WARN  FXGLAssetLoaderServi - Failed to load IMAGE
00:58:07.758 [JavaFX Application Thread] WARN  FXGLAssetLoaderServi - Asset "/assets/textures/heart0.png" was not found!
00:58:07.758 [JavaFX Application Thread] WARN  FXGLAssetLoaderServi - Failed to load IMAGE
00:58:07.765 [JavaFX Application Thread] WARN  FXGLAssetLoaderServi - Asset "/assets/textures/heart0.png" was not found!
00:58:07.765 [JavaFX Application Thread] WARN  FXGLAssetLoaderServi - Failed to load IMAGE
00:58:07.772 [JavaFX Application Thread] WARN  FXGLAssetLoaderServi - Asset "/assets/textures/heart0.png" was not found!
00:58:07.772 [JavaFX Application Thread] WARN  FXGLAssetLoaderServi - Failed to load IMAGE
00:58:07.780 [JavaFX Application Thread] WARN  FXGLAssetLoaderServi - Asset "/assets/textures/heart0.png" was not found!
00:58:07.780 [JavaFX Application Thread] WARN  FXGLAssetLoaderServi - Failed to load IMAGE
00:58:07.781 [JavaFX Application Thread] WARN  FXGLAssetLoaderServi - Asset "/assets/textures/heart0.png" was not found!
00:58:07.781 [JavaFX Application Thread] WARN  FXGLAssetLoaderServi - Failed to load IMAGE
00:58:07.794 [JavaFX Application Thread] WARN  FXGLAssetLoaderServi - Asset "/assets/textures/heart0.png" was not found!
00:58:07.794 [JavaFX Application Thread] WARN  FXGLAssetLoaderServi - Failed to load IMAGE
00:58:07.798 [JavaFX Application Thread] WARN  FXGLAssetLoaderServi - Asset "/assets/textures/heart0.png" was not found!
00:58:07.798 [JavaFX Application Thread] WARN  FXGLAssetLoaderServi - Failed to load IMAGE
00:58:07.808 [JavaFX Application Thread] WARN  FXGLAssetLoaderServi - Asset "/assets/textures/heart0.png" was not found!
00:58:07.808 [JavaFX Application Thread] WARN  FXGLAssetLoaderServi - Failed to load IMAGE
00:58:07.814 [JavaFX Application Thread] WARN  FXGLAssetLoaderServi - Asset "/assets/textures/heart0.png" was not found!
00:58:07.815 [JavaFX Application Thread] WARN  FXGLAssetLoaderServi - Failed to load IMAGE
00:58:07.822 [JavaFX Application Thread] WARN  FXGLAssetLoaderServi - Asset "/assets/textures/heart0.png" was not found!
00:58:07.822 [JavaFX Application Thread] WARN  FXGLAssetLoaderServi - Failed to load IMAGE
00:58:07.829 [JavaFX Application Thread] WARN  FXGLAssetLoaderServi - Asset "/assets/textures/heart0.png" was not found!
00:58:07.829 [JavaFX Application Thread] WARN  FXGLAssetLoaderServi - Failed to load IMAGE
00:58:07.830 [JavaFX Application Thread] WARN  FXGLAssetLoaderServi - Asset "/assets/textures/heart0.png" was not found!
00:58:07.830 [JavaFX Application Thread] WARN  FXGLAssetLoaderServi - Failed to load IMAGE
00:58:07.843 [JavaFX Application Thread] WARN  FXGLAssetLoaderServi - Asset "/assets/textures/heart0.png" was not found!
00:58:07.843 [JavaFX Application Thread] WARN  FXGLAssetLoaderServi - Failed to load IMAGE
00:58:07.846 [JavaFX Application Thread] WARN  FXGLAssetLoaderServi - Asset "/assets/textures/heart0.png" was not found!
00:58:07.846 [JavaFX Application Thread] WARN  FXGLAssetLoaderServi - Failed to load IMAGE
00:58:07.858 [JavaFX Application Thread] WARN  FXGLAssetLoaderServi - Asset "/assets/textures/heart0.png" was not found!
00:58:07.858 [JavaFX Application Thread] WARN  FXGLAssetLoaderServi - Failed to load IMAGE
00:58:07.862 [JavaFX Application Thread] WARN  FXGLAssetLoaderServi - Asset "/assets/textures/heart0.png" was not found!
00:58:07.862 [JavaFX Application Thread] WARN  FXGLAssetLoaderServi - Failed to load IMAGE
00:58:07.871 [JavaFX Application Thread] WARN  FXGLAssetLoaderServi - Asset "/assets/textures/heart0.png" was not found!
00:58:07.871 [JavaFX Application Thread] WARN  FXGLAssetLoaderServi - Failed to load IMAGE
00:58:07.878 [JavaFX Application Thread] WARN  FXGLAssetLoaderServi - Asset "/assets/textures/heart0.png" was not found!
00:58:07.878 [JavaFX Application Thread] WARN  FXGLAssetLoaderServi - Failed to load IMAGE
00:58:07.885 [JavaFX Application Thread] WARN  FXGLAssetLoaderServi - Asset "/assets/textures/heart0.png" was not found!
00:58:07.885 [JavaFX Application Thread] WARN  FXGLAssetLoaderServi - Failed to load IMAGE
00:58:07.892 [JavaFX Application Thread] WARN  FXGLAssetLoaderServi - Asset "/assets/textures/heart0.png" was not found!
00:58:07.892 [JavaFX Application Thread] WARN  FXGLAssetLoaderServi - Failed to load IMAGE
00:58:07.893 [JavaFX Application Thread] WARN  FXGLAssetLoaderServi - Asset "/assets/textures/heart0.png" was not found!
00:58:07.893 [JavaFX Application Thread] WARN  FXGLAssetLoaderServi - Failed to load IMAGE
00:58:07.905 [JavaFX Application Thread] WARN  FXGLAssetLoaderServi - Asset "/assets/textures/heart0.png" was not found!
00:58:07.906 [JavaFX Application Thread] WARN  FXGLAssetLoaderServi - Failed to load IMAGE
00:58:07.909 [JavaFX Application Thread] WARN  FXGLAssetLoaderServi - Asset "/assets/textures/heart0.png" was not found!
00:58:07.909 [JavaFX Application Thread] WARN  FXGLAssetLoaderServi - Failed to load IMAGE
00:58:07.919 [JavaFX Application Thread] WARN  FXGLAssetLoaderServi - Asset "/assets/textures/heart0.png" was not found!
00:58:07.919 [JavaFX Application Thread] WARN  FXGLAssetLoaderServi - Failed to load IMAGE
00:58:07.925 [JavaFX Application Thread] WARN  FXGLAssetLoaderServi - Asset "/assets/textures/heart0.png" was not found!
00:58:07.926 [JavaFX Application Thread] WARN  FXGLAssetLoaderServi - Failed to load IMAGE
00:58:11.298 [JavaFX Application Thread] DEBUG FXGLApplication      - Exiting FXGL
00:58:11.298 [JavaFX Application Thread] DEBUG LoopRunner           - Stopping loop
00:58:11.298 [JavaFX Application Thread] DEBUG SystemBundleService  - Saving FXGL system data
00:58:11.299 [JavaFX Application Thread] DEBUG FileSystemAccess     - Writing to: C:\Users\31611\IdeaProjects\challengeweekSE-goed\system\fxgl.bundle
00:58:11.301 [JavaFX Application Thread] DEBUG Async                - Shutting down background threads
00:58:11.301 [JavaFX Application Thread] DEBUG PrimaryStageWindow   - Closing main window
00:58:11.312 [JavaFX Application Thread] DEBUG Logger               - Closing Logger
