00:56:36.046 [main                     ] DEBUG Logger               - Configured Logger
00:56:36.067 [main                     ] DEBUG GameApplication      - Logging settings
Title: Dinsdag 12:25
Version: 1.3
Width: 1080
Height: 1080
Fullscreen: false
Intro: false
Profiling: false
Single step:false
App Mode: DEVELOPER
Menu Key: ESCAPE
Stage Style: DECORATED
Scene Factory: class com.almasb.fxgl.app.scene.SceneFactory

00:56:36.529 [JavaFX Application Thread] DEBUG FXGLApplication      - Initializing FXGL
00:56:36.533 [JavaFX Application Thread] INFO  Engine               - FXGL-17.2 (20.08.2022 16.50) on WINDOWS (J:20 FX:20-ea)
00:56:36.533 [JavaFX Application Thread] DEBUG Engine               - JRE Vendor Name: Oracle Corporation
00:56:36.533 [JavaFX Application Thread] DEBUG Engine               - Running on OS: Windows 11 version 10.0
00:56:36.533 [JavaFX Application Thread] DEBUG Engine               - Architecture: amd64
00:56:36.533 [JavaFX Application Thread] INFO  Engine               - Source code and latest versions at: https://github.com/AlmasB/FXGL
00:56:36.534 [JavaFX Application Thread] INFO  Engine               -       Ask questions and discuss at: https://github.com/AlmasB/FXGL/discussions
00:56:36.534 [JavaFX Application Thread] INFO  Engine               -              Join the FXGL chat at: https://gitter.im/AlmasB/FXGL
00:56:36.623 [JavaFX Application Thread] DEBUG PrimaryStageWindow   - Creating a JavaFX scene
00:56:36.676 [JavaFX Application Thread] DEBUG PrimaryStageWindow   - Target settings size: 1080.0 x 1080.0
00:56:36.676 [JavaFX Application Thread] DEBUG PrimaryStageWindow   - Scaled scene size:    1080.0 x 1080.0
00:56:36.676 [JavaFX Application Thread] DEBUG PrimaryStageWindow   - Scaled ratio: (1.0, 1.0)
00:56:36.677 [JavaFX Application Thread] DEBUG PrimaryStageWindow   - Set initial scene to FXGLStartupScene
00:56:36.681 [JavaFX Application Thread] DEBUG PrimaryStageWindow   - Opening main window
00:56:36.775 [JavaFX Application Thread] DEBUG PrimaryStageWindow   - Window border size: (16.0, 39.0)
00:56:36.776 [JavaFX Application Thread] DEBUG PrimaryStageWindow   - Scaled size: 1080.0 x 1080.0
00:56:36.776 [JavaFX Application Thread] DEBUG PrimaryStageWindow   - Scaled ratio: (1.0, 1.0)
00:56:36.776 [JavaFX Application Thread] DEBUG PrimaryStageWindow   - Scene size: 1080.0 x 1080.0
00:56:36.776 [JavaFX Application Thread] DEBUG PrimaryStageWindow   - Stage size: 1096.0 x 1119.0
00:56:36.783 [FXGL Background Thread 1 ] DEBUG Engine               - Initializing environment variables
00:56:36.830 [FXGL Background Thread 1 ] DEBUG FXGLAssetLoaderServi - User app class for loading assets: class com.example.challengeweeksegoed.Game
00:56:36.831 [FXGL Background Thread 1 ] DEBUG GameApplicationServi - Applying CSS: fxgl_dark.css
00:56:36.831 [FXGL Background Thread 1 ] DEBUG FXGLAssetLoaderServi - Loading from file system: jar:file:/C:/Users/31611/.m2/repository/com/github/almasb/fxgl/17.2/fxgl-17.2.jar!/fxglassets/ui/css/fxgl_dark.css
00:56:36.869 [FXGL Background Thread 1 ] DEBUG GameApplicationServi - Initializing application scenes
00:56:36.898 [FXGL Background Thread 1 ] DEBUG GameWorld            - Game world initialized
00:56:36.945 [FXGL Background Thread 1 ] DEBUG PhysicsWorld         - Physics world initialized: appHeight=1080, physics.ppm=50,0
00:56:36.946 [FXGL Background Thread 1 ] DEBUG PhysicsWorld         - Using strategy: BRUTE_FORCE
00:56:36.949 [FXGL Background Thread 1 ] DEBUG GameScene            - Game scene initialized: 1080x1080
00:56:36.960 [FXGL Background Thread 1 ] DEBUG FXGL.DefaultMenu     - createMenuBodyGameMenu()
00:56:36.974 [FXGL Background Thread 1 ] DEBUG FXGL.DefaultMenu     - createOptionsMenu()
00:56:36.983 [FXGL Background Thread 1 ] DEBUG FXGLAssetLoaderServi - Loading from file system: jar:file:/C:/Users/31611/.m2/repository/com/github/almasb/fxgl/17.2/fxgl-17.2.jar!/fxglassets/textures/particles/smoke.png
00:56:37.063 [FXGL Background Thread 1 ] DEBUG FXGLAssetLoaderServi - Loading from file system: jar:file:/C:/Users/31611/.m2/repository/com/github/almasb/fxgl/17.2/fxgl-17.2.jar!/fxglassets/textures/particles/trace_horizontal.png
00:56:37.086 [FXGL Background Thread 1 ] DEBUG GameApplicationServi - Application scenes initialized
00:56:37.099 [FXGL Background Thread 1 ] DEBUG SystemBundleService  - Loading FXGL system data
00:56:37.106 [FXGL Background Thread 1 ] DEBUG FileSystemAccess     - Reading from: C:\Users\31611\IdeaProjects\challengeweekSE-goed\system\fxgl.bundle
00:56:37.115 [FXGL Background Thread 1 ] DEBUG SystemBundleService  - Bundle FXGL: {}
00:56:37.115 [FXGL Background Thread 1 ] DEBUG UpdaterService       - Checking for updates
00:56:37.118 [FXGL Background Thread 4 ] DEBUG FXGLApplication      - Loading fonts
00:56:37.119 [FXGL Background Thread 4 ] DEBUG FXGLAssetLoaderServi - Loading from file system: jar:file:/C:/Users/31611/.m2/repository/com/github/almasb/fxgl/17.2/fxgl-17.2.jar!/fxglassets/ui/fonts/VarelaRound-Regular.ttf
00:56:37.119 [FXGL Background Thread 1 ] DEBUG FXGLApplication      - Loading default localization
00:56:37.120 [FXGL Background Thread 1 ] DEBUG FXGLAssetLoaderServi - Loading from file system: jar:file:/C:/Users/31611/.m2/repository/com/github/almasb/fxgl/17.2/fxgl-17.2.jar!/fxglassets/languages/english.lang
00:56:37.137 [FXGL Background Thread 1 ] INFO  FXGLApplication      - FXGL initialization took: 0,354 sec
00:56:37.146 [JavaFX Application Thread] DEBUG Input                - Registered new binding: RangeLeft - A
00:56:37.146 [JavaFX Application Thread] DEBUG Input                - Registered new binding: RangeRight - D
00:56:37.146 [JavaFX Application Thread] DEBUG Input                - Registered new binding: RangeJump - W
00:56:37.147 [JavaFX Application Thread] DEBUG Input                - Registered new binding: shoot - C
00:56:37.147 [JavaFX Application Thread] DEBUG Input                - Registered new binding: ShieldLeft - Left
00:56:37.147 [JavaFX Application Thread] DEBUG Input                - Registered new binding: ShieldRight - Right
00:56:37.147 [JavaFX Application Thread] DEBUG Input                - Registered new binding: ShieldJump - Up
00:56:37.147 [JavaFX Application Thread] DEBUG Input                - Registered new binding: shield - Space
00:56:37.148 [JavaFX Application Thread] DEBUG FXGLAssetLoaderServi - Loading from file system: jar:file:/C:/Users/31611/.m2/repository/com/github/almasb/fxgl/17.2/fxgl-17.2.jar!/fxglassets/textures/fxgl_icon.png
00:56:37.161 [FXGL Background Thread 4 ] DEBUG FXGLAssetLoaderServi - Loading from file system: jar:file:/C:/Users/31611/.m2/repository/com/github/almasb/fxgl/17.2/fxgl-17.2.jar!/fxglassets/ui/fonts/Abel-Regular.ttf
00:56:37.165 [JavaFX Application Thread] DEBUG FXGLAssetLoaderServi - Loading from file system: jar:file:/C:/Users/31611/.m2/repository/com/github/almasb/fxgl/17.2/fxgl-17.2.jar!/fxglassets/textures/fxgl_default_cursor.png
00:56:37.167 [JavaFX Application Thread] DEBUG Input                - Registered new binding: Screenshot - CTRL+8
00:56:37.168 [JavaFX Application Thread] DEBUG Input                - Registered new binding: System info dump - CTRL+9
00:56:37.168 [JavaFX Application Thread] DEBUG Input                - Registered new binding: Restart - CTRL+R
00:56:37.169 [JavaFX Application Thread] DEBUG Input                - Registered new binding: Toggle Debug Camera - CTRL+7
00:56:37.169 [FXGL Background Thread 4 ] DEBUG FXGLAssetLoaderServi - Loading from file system: jar:file:/C:/Users/31611/.m2/repository/com/github/almasb/fxgl/17.2/fxgl-17.2.jar!/fxglassets/ui/fonts/TerminalLandMono-Regular.otf
00:56:37.171 [JavaFX Application Thread] DEBUG LoopRunner           - Starting loop
00:56:37.171 [JavaFX Application Thread] DEBUG LoopRunner           - Initializing JavaFX AnimationTimerLoop
00:56:37.172 [JavaFX Application Thread] DEBUG GameApplicationServi - Starting new game
00:56:37.172 [JavaFX Application Thread] DEBUG Input                - Clearing active input actions
00:56:37.178 [FXGL Background Thread 4 ] DEBUG FXGLAssetLoaderServi - Loading from file system: jar:file:/C:/Users/31611/.m2/repository/com/github/almasb/fxgl/17.2/fxgl-17.2.jar!/fxglassets/ui/fonts/Courier-Prime.ttf
00:56:37.181 [JavaFX Application Thread] DEBUG GameApplicationServi - Removing overlay from FXGLStartupScene and adding to FXGLLoadingScene
00:56:37.182 [JavaFX Application Thread] DEBUG PrimaryStageWindow   - FXGLStartupScene -> FXGLLoadingScene
00:56:37.182 [JavaFX Application Thread] DEBUG GameApplicationServi - Clearing previous game
00:56:37.182 [JavaFX Application Thread] DEBUG GameScene            - Clearing game scene
00:56:37.182 [JavaFX Application Thread] DEBUG GameWorld            - Clearing game world
00:56:37.182 [JavaFX Application Thread] DEBUG PhysicsWorld         - Clearing physics world
00:56:37.184 [FXGL Background Thread 1 ] DEBUG FXGLApplication      - Initializing game
00:56:37.221 [JavaFX Application Thread] DEBUG FXGLApplication      - Registering font factories with UI factory
00:56:37.237 [FXGL Background Thread 1 ] WARN  TMXLevelLoader       - TiledMap generated from 1.10.1. Supported version: 1.9.0. Some features may not be parsed fully.
00:56:37.248 [FXGL Background Thread 1 ] DEBUG TMXLevelLoader       - Parsed TiledMap: file:/C:/Users/31611/IdeaProjects/challengeweekSE-goed/target/classes/assets/levels/tmx/lostvikings_test.tmx
00:56:37.249 [FXGL Background Thread 1 ] DEBUG TMXLevelLoader       - Creating tile layer entities
00:56:37.250 [FXGL Background Thread 1 ] DEBUG TilesetLoader        - Loading view for layer Tile Layer 1
00:56:37.252 [FXGL Background Thread 1 ] DEBUG TilesetLoader        - Created buffer with size 1080.0x1080.0
00:56:37.259 [FXGL Background Thread 1 ] DEBUG TMXLevelLoader       - Creating object layer entities
00:56:37.273 [FXGL Background Thread 1 ] DEBUG FXGLAssetLoaderServi - Loading from file system: file:/C:/Users/31611/IdeaProjects/challengeweekSE-goed/target/classes/assets/textures/zombie.png
00:56:37.278 [FXGL Background Thread 1 ] WARN  TMXLevelLoader       - Parse error
java.lang.IllegalArgumentException: Key healthCounter has no associated value!
	at com.almasb.fxgl.entity.SpawnData.get(SpawnData.kt:35)
	at com.example.challengeweeksegoed.GameEntityFactory.newHeart(GameEntityFactory.java:119)
	at java.base/jdk.internal.reflect.DirectMethodHandleAccessor.invoke(DirectMethodHandleAccessor.java:104)
	at java.base/java.lang.reflect.Method.invoke(Method.java:578)
	at com.almasb.fxgl.core.reflect.ReflectionUtils.call(ReflectionUtils.java:104)
	at com.almasb.fxgl.core.reflect.ReflectionUtils.lambda$mapToFunction$3(ReflectionUtils.java:111)
	at com.almasb.fxgl.entity.GameWorld$create$2.invoke(GameWorld.kt:430)
	at com.almasb.fxgl.entity.GameWorld$create$2.invoke(GameWorld.kt:430)
	at com.almasb.fxgl.core.util.DSLKt.tryCatchRoot(DSL.kt:34)
	at com.almasb.fxgl.entity.GameWorld.create(GameWorld.kt:430)
	at com.almasb.fxgl.entity.level.tiled.TMXLevelLoader.createObjectLayerEntities(TMXLevelLoader.kt:155)
	at com.almasb.fxgl.entity.level.tiled.TMXLevelLoader.load(TMXLevelLoader.kt:60)
	at com.almasb.fxgl.app.services.FXGLAssetLoaderService.loadLevel(FXGLAssetLoaderService.kt:446)
	at com.almasb.fxgl.dsl.FXGL$Companion.setLevelFromMap(FXGL.kt:634)
	at com.almasb.fxgl.dsl.FXGL.setLevelFromMap(FXGL.kt)
	at com.example.challengeweeksegoed.Game.setLevel(Game.java:161)
	at com.example.challengeweeksegoed.Game.initGame(Game.java:55)
	at com.almasb.fxgl.app.FXGLApplication$InitAppTask.initGame(FXGLApplication.kt:339)
	at com.almasb.fxgl.app.FXGLApplication$InitAppTask.call(FXGLApplication.kt:319)
	at com.almasb.fxgl.app.FXGLApplication$InitAppTask.call(FXGLApplication.kt:311)
	at javafx.concurrent.Task$TaskCallable.call(Task.java:1426)
	at java.base/java.util.concurrent.FutureTask.run(FutureTask.java:317)
	at java.base/java.util.concurrent.Executors$RunnableAdapter.call(Executors.java:577)
	at java.base/java.util.concurrent.FutureTask.run(FutureTask.java:317)
	at java.base/java.util.concurrent.ThreadPoolExecutor.runWorker(ThreadPoolExecutor.java:1144)
	at java.base/java.util.concurrent.ThreadPoolExecutor$Worker.run(ThreadPoolExecutor.java:642)
	at java.base/java.lang.Thread.run(Thread.java:1623)

00:56:37.301 [JavaFX Application Thread] DEBUG LoopRunner           - Stopping loop
00:56:37.301 [JavaFX Application Thread] FATAL FXGLApplication      - Uncaught Exception:
java.lang.RuntimeException: Initialization failed
	at com.almasb.fxgl.app.FXGLApplication$InitAppTask.failed(FXGLApplication.kt:343)
	at javafx.concurrent.Task.setState(Task.java:710)
	at javafx.concurrent.Task$TaskCallable.lambda$call$2(Task.java:1456)
	at com.sun.javafx.application.PlatformImpl.lambda$runLater$10(PlatformImpl.java:457)
	at java.base/java.security.AccessController.doPrivileged(AccessController.java:400)
	at com.sun.javafx.application.PlatformImpl.lambda$runLater$11(PlatformImpl.java:456)
	at com.sun.glass.ui.InvokeLaterDispatcher$Future.run(InvokeLaterDispatcher.java:96)
	at com.sun.glass.ui.win.WinApplication._runLoop(Native Method)
	at com.sun.glass.ui.win.WinApplication.lambda$runLoop$3(WinApplication.java:184)
	at java.base/java.lang.Thread.run(Thread.java:1623)
Caused by: com.almasb.fxgl.entity.level.LevelLoadingException: Key healthCounter has no associated value!
	at com.almasb.fxgl.entity.level.tiled.TMXLevelLoader.load(TMXLevelLoader.kt:78)
	at com.almasb.fxgl.app.services.FXGLAssetLoaderService.loadLevel(FXGLAssetLoaderService.kt:446)
	at com.almasb.fxgl.dsl.FXGL$Companion.setLevelFromMap(FXGL.kt:634)
	at com.almasb.fxgl.dsl.FXGL.setLevelFromMap(FXGL.kt)
	at com.example.challengeweeksegoed.Game.setLevel(Game.java:161)
	at com.example.challengeweeksegoed.Game.initGame(Game.java:55)
	at com.almasb.fxgl.app.FXGLApplication$InitAppTask.initGame(FXGLApplication.kt:339)
	at com.almasb.fxgl.app.FXGLApplication$InitAppTask.call(FXGLApplication.kt:319)
	at com.almasb.fxgl.app.FXGLApplication$InitAppTask.call(FXGLApplication.kt:311)
	at javafx.concurrent.Task$TaskCallable.call(Task.java:1426)
	at java.base/java.util.concurrent.FutureTask.run(FutureTask.java:317)
	at java.base/java.util.concurrent.Executors$RunnableAdapter.call(Executors.java:577)
	at java.base/java.util.concurrent.FutureTask.run(FutureTask.java:317)
	at java.base/java.util.concurrent.ThreadPoolExecutor.runWorker(ThreadPoolExecutor.java:1144)
	at java.base/java.util.concurrent.ThreadPoolExecutor$Worker.run(ThreadPoolExecutor.java:642)
	... 1 more
Caused by: java.lang.IllegalArgumentException: Key healthCounter has no associated value!
	at com.almasb.fxgl.entity.SpawnData.get(SpawnData.kt:35)
	at com.example.challengeweeksegoed.GameEntityFactory.newHeart(GameEntityFactory.java:119)
	at java.base/jdk.internal.reflect.DirectMethodHandleAccessor.invoke(DirectMethodHandleAccessor.java:104)
	at java.base/java.lang.reflect.Method.invoke(Method.java:578)
	at com.almasb.fxgl.core.reflect.ReflectionUtils.call(ReflectionUtils.java:104)
	at com.almasb.fxgl.core.reflect.ReflectionUtils.lambda$mapToFunction$3(ReflectionUtils.java:111)
	at com.almasb.fxgl.entity.GameWorld$create$2.invoke(GameWorld.kt:430)
	at com.almasb.fxgl.entity.GameWorld$create$2.invoke(GameWorld.kt:430)
	at com.almasb.fxgl.core.util.DSLKt.tryCatchRoot(DSL.kt:34)
	at com.almasb.fxgl.entity.GameWorld.create(GameWorld.kt:430)
	at com.almasb.fxgl.entity.level.tiled.TMXLevelLoader.createObjectLayerEntities(TMXLevelLoader.kt:155)
	at com.almasb.fxgl.entity.level.tiled.TMXLevelLoader.load(TMXLevelLoader.kt:60)
	... 15 more

00:56:37.302 [JavaFX Application Thread] FATAL FXGLApplication      - Application will now exit
00:56:37.316 [JavaFX Application Thread] DEBUG PrimaryStageWindow   - Push state: ErrorSubScene
00:56:37.316 [JavaFX Application Thread] DEBUG Input                - Clearing active input actions
00:56:37.322 [JavaFX Application Thread] DEBUG GameApplicationServi - Removing overlay from FXGLLoadingScene and adding to ErrorSubScene
00:56:37.322 [JavaFX Application Thread] DEBUG PrimaryStageWindow   - FXGLLoadingScene -> ErrorSubScene
00:56:37.491 [FXGL Background Thread 2 ] INFO  UpdaterService       - Your current version:  17.2
00:56:37.491 [FXGL Background Thread 2 ] INFO  UpdaterService       - Latest stable version: 17.3
00:56:40.118 [FXGL Background Thread 3 ] DEBUG Engine               - Logging environment variables
00:56:40.118 [FXGL Background Thread 3 ] DEBUG Engine               - achievements: []
00:56:40.118 [FXGL Background Thread 3 ] DEBUG Engine               - actualHeight: 1080.0
00:56:40.118 [FXGL Background Thread 3 ] DEBUG Engine               - actualHeightProperty: ReadOnlyDoubleProperty [value: 1080.0]
00:56:40.118 [FXGL Background Thread 3 ] DEBUG Engine               - actualWidth: 1080.0
00:56:40.118 [FXGL Background Thread 3 ] DEBUG Engine               - actualWidthProperty: ReadOnlyDoubleProperty [value: 1080.0]
00:56:40.118 [FXGL Background Thread 3 ] DEBUG Engine               - appIcon: fxgl_icon.png
00:56:40.118 [FXGL Background Thread 3 ] DEBUG Engine               - applicationMode: DEVELOPER
00:56:40.118 [FXGL Background Thread 3 ] DEBUG Engine               - cSSList: [fxgl_dark.css]
00:56:40.119 [FXGL Background Thread 3 ] DEBUG Engine               - collisionDetectionStrategy: BRUTE_FORCE
00:56:40.119 [FXGL Background Thread 3 ] DEBUG Engine               - configClass: Optional.empty
00:56:40.119 [FXGL Background Thread 3 ] DEBUG Engine               - credits: []
00:56:40.119 [FXGL Background Thread 3 ] DEBUG Engine               - defaultCursor: CursorInfo(imageName=fxgl_default_cursor.png, hotspotX=7.0, hotspotY=6.0)
00:56:40.119 [FXGL Background Thread 3 ] DEBUG Engine               - devBBoxColorProperty: ObjectProperty [value: 0xff0000ff]
00:56:40.119 [FXGL Background Thread 3 ] DEBUG Engine               - devEnableDebugCameraProperty: BooleanProperty [value: false]
00:56:40.119 [FXGL Background Thread 3 ] DEBUG Engine               - devSensorColorProperty: ObjectProperty [value: 0xffff00ff]
00:56:40.119 [FXGL Background Thread 3 ] DEBUG Engine               - devShowBBoxProperty: BooleanProperty [value: false]
00:56:40.119 [FXGL Background Thread 3 ] DEBUG Engine               - devShowPositionProperty: BooleanProperty [value: false]
00:56:40.119 [FXGL Background Thread 3 ] DEBUG Engine               - enabledMenuItems: []
00:56:40.119 [FXGL Background Thread 3 ] DEBUG Engine               - engineServices: [class com.almasb.fxgl.app.services.FXGLAssetLoaderService, class com.almasb.fxgl.app.FXGLApplication$GameApplicationService, class com.almasb.fxgl.app.services.FXGLDialogService, class com.almasb.fxgl.app.services.IOTaskExecutorService, class com.almasb.fxgl.io.FileSystemService, class com.almasb.fxgl.localization.LocalizationService, class com.almasb.fxgl.app.services.SystemBundleService, class com.almasb.fxgl.profile.SaveLoadService, class com.almasb.fxgl.ui.FXGLUIFactoryServiceProvider, class com.almasb.fxgl.ui.FXGLDialogFactoryServiceProvider, class com.almasb.fxgl.audio.AudioPlayer, class com.almasb.fxgl.notification.impl.NotificationServiceProvider, class com.almasb.fxgl.achievement.AchievementService, class com.almasb.fxgl.cutscene.CutsceneService, class com.almasb.fxgl.minigames.MiniGameService, class com.almasb.fxgl.net.NetService, class com.almasb.fxgl.app.services.UpdaterService, class com.almasb.fxgl.dev.DevService]
00:56:40.119 [FXGL Background Thread 3 ] DEBUG Engine               - fontGame: Abel-Regular.ttf
00:56:40.119 [FXGL Background Thread 3 ] DEBUG Engine               - fontMono: TerminalLandMono-Regular.otf
00:56:40.119 [FXGL Background Thread 3 ] DEBUG Engine               - fontText: Courier-Prime.ttf
00:56:40.119 [FXGL Background Thread 3 ] DEBUG Engine               - fontUI: VarelaRound-Regular.ttf
00:56:40.120 [FXGL Background Thread 3 ] DEBUG Engine               - fullScreen: BooleanProperty [value: false]
00:56:40.120 [FXGL Background Thread 3 ] DEBUG Engine               - gameDifficulty: MEDIUM
00:56:40.120 [FXGL Background Thread 3 ] DEBUG Engine               - gameDifficultyProperty: ObjectProperty [value: MEDIUM]
00:56:40.120 [FXGL Background Thread 3 ] DEBUG Engine               - globalMusicVolume: 0.5
00:56:40.120 [FXGL Background Thread 3 ] DEBUG Engine               - globalMusicVolumeProperty: DoubleProperty [value: 0.5]
00:56:40.120 [FXGL Background Thread 3 ] DEBUG Engine               - globalSoundVolume: 0.5
00:56:40.120 [FXGL Background Thread 3 ] DEBUG Engine               - globalSoundVolumeProperty: DoubleProperty [value: 0.5]
00:56:40.120 [FXGL Background Thread 3 ] DEBUG Engine               - height: 1080
00:56:40.120 [FXGL Background Thread 3 ] DEBUG Engine               - is3D: false
00:56:40.120 [FXGL Background Thread 3 ] DEBUG Engine               - isAndroid: false
00:56:40.120 [FXGL Background Thread 3 ] DEBUG Engine               - isBrowser: false
00:56:40.120 [FXGL Background Thread 3 ] DEBUG Engine               - isClickFeedbackEnabled: false
00:56:40.120 [FXGL Background Thread 3 ] DEBUG Engine               - isCloseConfirmation: false
00:56:40.120 [FXGL Background Thread 3 ] DEBUG Engine               - isDesktop: true
00:56:40.120 [FXGL Background Thread 3 ] DEBUG Engine               - isDeveloperMenuEnabled: false
00:56:40.120 [FXGL Background Thread 3 ] DEBUG Engine               - isEmbedded: false
00:56:40.120 [FXGL Background Thread 3 ] DEBUG Engine               - isEntityPreloadEnabled: true
00:56:40.120 [FXGL Background Thread 3 ] DEBUG Engine               - isExperimentalTiledLargeMap: false
00:56:40.120 [FXGL Background Thread 3 ] DEBUG Engine               - isFileSystemWriteAllowed: true
00:56:40.120 [FXGL Background Thread 3 ] DEBUG Engine               - isFullScreenAllowed: false
00:56:40.120 [FXGL Background Thread 3 ] DEBUG Engine               - isFullScreenFromStart: false
00:56:40.120 [FXGL Background Thread 3 ] DEBUG Engine               - isGameMenuEnabled: true
00:56:40.120 [FXGL Background Thread 3 ] DEBUG Engine               - isIOS: false
00:56:40.121 [FXGL Background Thread 3 ] DEBUG Engine               - isIntroEnabled: false
00:56:40.121 [FXGL Background Thread 3 ] DEBUG Engine               - isLinux: false
00:56:40.121 [FXGL Background Thread 3 ] DEBUG Engine               - isMac: false
00:56:40.121 [FXGL Background Thread 3 ] DEBUG Engine               - isMainMenuEnabled: false
00:56:40.121 [FXGL Background Thread 3 ] DEBUG Engine               - isManualResizeEnabled: false
00:56:40.121 [FXGL Background Thread 3 ] DEBUG Engine               - isMobile: false
00:56:40.121 [FXGL Background Thread 3 ] DEBUG Engine               - isNative: false
00:56:40.121 [FXGL Background Thread 3 ] DEBUG Engine               - isPauseMusicWhenMinimized: true
00:56:40.121 [FXGL Background Thread 3 ] DEBUG Engine               - isPreserveResizeRatio: false
00:56:40.121 [FXGL Background Thread 3 ] DEBUG Engine               - isProfilingEnabled: false
00:56:40.121 [FXGL Background Thread 3 ] DEBUG Engine               - isScaleAffectedOnResize: true
00:56:40.121 [FXGL Background Thread 3 ] DEBUG Engine               - isSingleStep: false
00:56:40.121 [FXGL Background Thread 3 ] DEBUG Engine               - isUserProfileEnabled: false
00:56:40.121 [FXGL Background Thread 3 ] DEBUG Engine               - isWindows: true
00:56:40.121 [FXGL Background Thread 3 ] DEBUG Engine               - language: ObjectProperty [value: ENGLISH]
00:56:40.121 [FXGL Background Thread 3 ] DEBUG Engine               - menuKey: ESCAPE
00:56:40.121 [FXGL Background Thread 3 ] DEBUG Engine               - mouseSensitivity: 0.2
00:56:40.121 [FXGL Background Thread 3 ] DEBUG Engine               - notificationViewClass: class com.almasb.fxgl.notification.view.XboxNotificationView
00:56:40.121 [FXGL Background Thread 3 ] DEBUG Engine               - pixelsPerMeter: 50.0
00:56:40.121 [FXGL Background Thread 3 ] DEBUG Engine               - platform: WINDOWS
00:56:40.121 [FXGL Background Thread 3 ] DEBUG Engine               - prefHeightProperty: ReadOnlyDoubleProperty [value: 1080.0]
00:56:40.121 [FXGL Background Thread 3 ] DEBUG Engine               - prefWidthProperty: ReadOnlyDoubleProperty [value: 1080.0]
00:56:40.121 [FXGL Background Thread 3 ] DEBUG Engine               - profileDir: profiles/
00:56:40.122 [FXGL Background Thread 3 ] DEBUG Engine               - profileName: StringProperty [value: DEFAULT]
00:56:40.122 [FXGL Background Thread 3 ] DEBUG Engine               - randomSeed: -1
00:56:40.122 [FXGL Background Thread 3 ] DEBUG Engine               - runtimeInfo: RuntimeInfo(platform=WINDOWS, version=17.2, build=20.08.2022 16.50)
00:56:40.122 [FXGL Background Thread 3 ] DEBUG Engine               - saveFileExt: sav
00:56:40.122 [FXGL Background Thread 3 ] DEBUG Engine               - scaledHeightProp$fxgl: DoubleProperty [bound, value: 1080.0]
00:56:40.122 [FXGL Background Thread 3 ] DEBUG Engine               - scaledWidthProp$fxgl: DoubleProperty [bound, value: 1080.0]
00:56:40.122 [FXGL Background Thread 3 ] DEBUG Engine               - sceneFactory: com.almasb.fxgl.app.scene.SceneFactory@49b0d71e
00:56:40.122 [FXGL Background Thread 3 ] DEBUG Engine               - secondsIn24h: 60
00:56:40.122 [FXGL Background Thread 3 ] DEBUG Engine               - soundMenuBack: menu/back.wav
00:56:40.122 [FXGL Background Thread 3 ] DEBUG Engine               - soundMenuPress: menu/press.wav
00:56:40.122 [FXGL Background Thread 3 ] DEBUG Engine               - soundMenuSelect: menu/select.wav
00:56:40.122 [FXGL Background Thread 3 ] DEBUG Engine               - soundNotification: core/notification.wav
00:56:40.122 [FXGL Background Thread 3 ] DEBUG Engine               - stageStyle: DECORATED
00:56:40.123 [FXGL Background Thread 3 ] DEBUG Engine               - supportedLanguages: [ENGLISH, FRENCH, GERMAN, HUNGARIAN, RUSSIAN]
00:56:40.123 [FXGL Background Thread 3 ] DEBUG Engine               - ticksPerSecond: -1
00:56:40.123 [FXGL Background Thread 3 ] DEBUG Engine               - title: Dinsdag 12:25
00:56:40.123 [FXGL Background Thread 3 ] DEBUG Engine               - urlGithub: https://github.com/AlmasB/FXGL
00:56:40.123 [FXGL Background Thread 3 ] DEBUG Engine               - urlLeaderboard: http://fxgl-top.herokuapp.com/
00:56:40.123 [FXGL Background Thread 3 ] DEBUG Engine               - urlPOM: https://raw.githubusercontent.com/AlmasB/FXGL/release/README.md
00:56:40.123 [FXGL Background Thread 3 ] DEBUG Engine               - userAppClass: class com.example.challengeweeksegoed.Game
00:56:40.123 [FXGL Background Thread 3 ] DEBUG Engine               - version: 1.3
00:56:40.123 [FXGL Background Thread 3 ] DEBUG Engine               - versionCheckDays: 7
00:56:40.123 [FXGL Background Thread 3 ] DEBUG Engine               - width: 1080
00:56:40.123 [FXGL Background Thread 3 ] DEBUG Engine               - Logging services
00:56:40.123 [FXGL Background Thread 3 ] DEBUG Engine               - class com.almasb.fxgl.app.services.FXGLAssetLoaderService
00:56:40.123 [FXGL Background Thread 3 ] DEBUG Engine               - class com.almasb.fxgl.app.FXGLApplication$GameApplicationService
00:56:40.123 [FXGL Background Thread 3 ] DEBUG Engine               - class com.almasb.fxgl.app.services.FXGLDialogService
00:56:40.123 [FXGL Background Thread 3 ] DEBUG Engine               - class com.almasb.fxgl.app.services.IOTaskExecutorService
00:56:40.123 [FXGL Background Thread 3 ] DEBUG Engine               - class com.almasb.fxgl.io.FileSystemService
00:56:40.123 [FXGL Background Thread 3 ] DEBUG Engine               - class com.almasb.fxgl.localization.LocalizationService
00:56:40.123 [FXGL Background Thread 3 ] DEBUG Engine               - class com.almasb.fxgl.app.services.SystemBundleService
00:56:40.123 [FXGL Background Thread 3 ] DEBUG Engine               - class com.almasb.fxgl.profile.SaveLoadService
00:56:40.123 [FXGL Background Thread 3 ] DEBUG Engine               - class com.almasb.fxgl.ui.FXGLUIFactoryServiceProvider
00:56:40.123 [FXGL Background Thread 3 ] DEBUG Engine               - class com.almasb.fxgl.ui.FXGLDialogFactoryServiceProvider
00:56:40.123 [FXGL Background Thread 3 ] DEBUG Engine               - class com.almasb.fxgl.audio.AudioPlayer
00:56:40.123 [FXGL Background Thread 3 ] DEBUG Engine               - class com.almasb.fxgl.notification.impl.NotificationServiceProvider
00:56:40.123 [FXGL Background Thread 3 ] DEBUG Engine               - class com.almasb.fxgl.achievement.AchievementService
00:56:40.123 [FXGL Background Thread 3 ] DEBUG Engine               - class com.almasb.fxgl.cutscene.CutsceneService
00:56:40.123 [FXGL Background Thread 3 ] DEBUG Engine               - class com.almasb.fxgl.minigames.MiniGameService
00:56:40.123 [FXGL Background Thread 3 ] DEBUG Engine               - class com.almasb.fxgl.net.NetService
00:56:40.123 [FXGL Background Thread 3 ] DEBUG Engine               - class com.almasb.fxgl.app.services.UpdaterService
00:56:40.123 [FXGL Background Thread 3 ] DEBUG Engine               - class com.almasb.fxgl.dev.DevService
00:56:45.758 [JavaFX Application Thread] DEBUG FXGLApplication      - Exiting FXGL
00:56:45.759 [JavaFX Application Thread] DEBUG Async                - Shutting down background threads
00:56:45.759 [JavaFX Application Thread] DEBUG PrimaryStageWindow   - Closing main window
00:56:45.771 [JavaFX Application Thread] DEBUG Logger               - Closing Logger
