00:10:20.624 [main                     ] DEBUG Logger               - Configured Logger
00:10:20.642 [main                     ] DEBUG GameApplication      - Logging settings
Title: Dinsdag 12:25
Version: 1.3
Width: 1080
Height: 1080
Fullscreen: false
Intro: false
Profiling: false
Single step:false
App Mode: DEVELOPER
Menu Key: ESCAPE
Stage Style: DECORATED
Scene Factory: class com.almasb.fxgl.app.scene.SceneFactory

00:10:21.022 [JavaFX Application Thread] DEBUG FXGLApplication      - Initializing FXGL
00:10:21.025 [JavaFX Application Thread] INFO  Engine               - FXGL-17.2 (20.08.2022 16.50) on WINDOWS (J:20 FX:20-ea)
00:10:21.025 [JavaFX Application Thread] DEBUG Engine               - JRE Vendor Name: Oracle Corporation
00:10:21.026 [JavaFX Application Thread] DEBUG Engine               - Running on OS: Windows 11 version 10.0
00:10:21.026 [JavaFX Application Thread] DEBUG Engine               - Architecture: amd64
00:10:21.026 [JavaFX Application Thread] INFO  Engine               - Source code and latest versions at: https://github.com/AlmasB/FXGL
00:10:21.026 [JavaFX Application Thread] INFO  Engine               -       Ask questions and discuss at: https://github.com/AlmasB/FXGL/discussions
00:10:21.026 [JavaFX Application Thread] INFO  Engine               -              Join the FXGL chat at: https://gitter.im/AlmasB/FXGL
00:10:21.108 [JavaFX Application Thread] DEBUG PrimaryStageWindow   - Creating a JavaFX scene
00:10:21.145 [JavaFX Application Thread] DEBUG PrimaryStageWindow   - Target settings size: 1080.0 x 1080.0
00:10:21.145 [JavaFX Application Thread] DEBUG PrimaryStageWindow   - Scaled scene size:    1080.0 x 1080.0
00:10:21.145 [JavaFX Application Thread] DEBUG PrimaryStageWindow   - Scaled ratio: (1.0, 1.0)
00:10:21.146 [JavaFX Application Thread] DEBUG PrimaryStageWindow   - Set initial scene to FXGLStartupScene
00:10:21.149 [JavaFX Application Thread] DEBUG PrimaryStageWindow   - Opening main window
00:10:21.217 [JavaFX Application Thread] DEBUG PrimaryStageWindow   - Window border size: (16.0, 39.0)
00:10:21.217 [JavaFX Application Thread] DEBUG PrimaryStageWindow   - Scaled size: 1080.0 x 1080.0
00:10:21.217 [JavaFX Application Thread] DEBUG PrimaryStageWindow   - Scaled ratio: (1.0, 1.0)
00:10:21.217 [JavaFX Application Thread] DEBUG PrimaryStageWindow   - Scene size: 1080.0 x 1080.0
00:10:21.218 [JavaFX Application Thread] DEBUG PrimaryStageWindow   - Stage size: 1096.0 x 1119.0
00:10:21.223 [FXGL Background Thread 1 ] DEBUG Engine               - Initializing environment variables
00:10:21.262 [FXGL Background Thread 1 ] DEBUG FXGLAssetLoaderServi - User app class for loading assets: class com.example.challengeweeksegoed.Game
00:10:21.262 [FXGL Background Thread 1 ] DEBUG GameApplicationServi - Applying CSS: fxgl_dark.css
00:10:21.263 [FXGL Background Thread 1 ] DEBUG FXGLAssetLoaderServi - Loading from file system: jar:file:/C:/Users/31611/.m2/repository/com/github/almasb/fxgl/17.2/fxgl-17.2.jar!/fxglassets/ui/css/fxgl_dark.css
00:10:21.297 [FXGL Background Thread 1 ] DEBUG GameApplicationServi - Initializing application scenes
00:10:21.321 [FXGL Background Thread 1 ] DEBUG GameWorld            - Game world initialized
00:10:21.364 [FXGL Background Thread 1 ] DEBUG PhysicsWorld         - Physics world initialized: appHeight=1080, physics.ppm=50,0
00:10:21.364 [FXGL Background Thread 1 ] DEBUG PhysicsWorld         - Using strategy: BRUTE_FORCE
00:10:21.367 [FXGL Background Thread 1 ] DEBUG GameScene            - Game scene initialized: 1080x1080
00:10:21.376 [FXGL Background Thread 1 ] DEBUG FXGL.DefaultMenu     - createMenuBodyGameMenu()
00:10:21.388 [FXGL Background Thread 1 ] DEBUG FXGL.DefaultMenu     - createOptionsMenu()
00:10:21.396 [FXGL Background Thread 1 ] DEBUG FXGLAssetLoaderServi - Loading from file system: jar:file:/C:/Users/31611/.m2/repository/com/github/almasb/fxgl/17.2/fxgl-17.2.jar!/fxglassets/textures/particles/smoke.png
00:10:21.473 [FXGL Background Thread 1 ] DEBUG FXGLAssetLoaderServi - Loading from file system: jar:file:/C:/Users/31611/.m2/repository/com/github/almasb/fxgl/17.2/fxgl-17.2.jar!/fxglassets/textures/particles/trace_horizontal.png
00:10:21.498 [FXGL Background Thread 1 ] DEBUG GameApplicationServi - Application scenes initialized
00:10:21.508 [FXGL Background Thread 1 ] DEBUG SystemBundleService  - Loading FXGL system data
00:10:21.511 [FXGL Background Thread 1 ] DEBUG FileSystemAccess     - Reading from: C:\Users\31611\IdeaProjects\challengeweekSE-goed\system\fxgl.bundle
00:10:21.518 [FXGL Background Thread 1 ] DEBUG SystemBundleService  - Bundle FXGL: {}
00:10:21.518 [FXGL Background Thread 1 ] DEBUG UpdaterService       - Checking for updates
00:10:21.521 [FXGL Background Thread 4 ] DEBUG FXGLApplication      - Loading fonts
00:10:21.522 [FXGL Background Thread 4 ] DEBUG FXGLAssetLoaderServi - Loading from file system: jar:file:/C:/Users/31611/.m2/repository/com/github/almasb/fxgl/17.2/fxgl-17.2.jar!/fxglassets/ui/fonts/VarelaRound-Regular.ttf
00:10:21.522 [FXGL Background Thread 1 ] DEBUG FXGLApplication      - Loading default localization
00:10:21.522 [FXGL Background Thread 1 ] DEBUG FXGLAssetLoaderServi - Loading from file system: jar:file:/C:/Users/31611/.m2/repository/com/github/almasb/fxgl/17.2/fxgl-17.2.jar!/fxglassets/languages/english.lang
00:10:21.537 [FXGL Background Thread 1 ] INFO  FXGLApplication      - FXGL initialization took: 0,314 sec
00:10:21.547 [JavaFX Application Thread] DEBUG Input                - Registered new binding: RangeLeft - A
00:10:21.548 [JavaFX Application Thread] DEBUG Input                - Registered new binding: RangeRight - D
00:10:21.548 [JavaFX Application Thread] DEBUG Input                - Registered new binding: RangeJump - W
00:10:21.549 [JavaFX Application Thread] DEBUG Input                - Registered new binding: shoot - C
00:10:21.549 [JavaFX Application Thread] DEBUG Input                - Registered new binding: ShieldLeft - Left
00:10:21.549 [JavaFX Application Thread] DEBUG Input                - Registered new binding: ShieldRight - Right
00:10:21.549 [JavaFX Application Thread] DEBUG Input                - Registered new binding: ShieldJump - Up
00:10:21.549 [JavaFX Application Thread] DEBUG Input                - Registered new binding: shield - Space
00:10:21.550 [JavaFX Application Thread] DEBUG FXGLAssetLoaderServi - Loading from file system: jar:file:/C:/Users/31611/.m2/repository/com/github/almasb/fxgl/17.2/fxgl-17.2.jar!/fxglassets/textures/fxgl_icon.png
00:10:21.562 [FXGL Background Thread 4 ] DEBUG FXGLAssetLoaderServi - Loading from file system: jar:file:/C:/Users/31611/.m2/repository/com/github/almasb/fxgl/17.2/fxgl-17.2.jar!/fxglassets/ui/fonts/Abel-Regular.ttf
00:10:21.568 [JavaFX Application Thread] DEBUG FXGLAssetLoaderServi - Loading from file system: jar:file:/C:/Users/31611/.m2/repository/com/github/almasb/fxgl/17.2/fxgl-17.2.jar!/fxglassets/textures/fxgl_default_cursor.png
00:10:21.571 [FXGL Background Thread 4 ] DEBUG FXGLAssetLoaderServi - Loading from file system: jar:file:/C:/Users/31611/.m2/repository/com/github/almasb/fxgl/17.2/fxgl-17.2.jar!/fxglassets/ui/fonts/TerminalLandMono-Regular.otf
00:10:21.571 [JavaFX Application Thread] DEBUG Input                - Registered new binding: Screenshot - CTRL+8
00:10:21.571 [JavaFX Application Thread] DEBUG Input                - Registered new binding: System info dump - CTRL+9
00:10:21.571 [JavaFX Application Thread] DEBUG Input                - Registered new binding: Restart - CTRL+R
00:10:21.572 [JavaFX Application Thread] DEBUG Input                - Registered new binding: Toggle Debug Camera - CTRL+7
00:10:21.574 [JavaFX Application Thread] DEBUG LoopRunner           - Starting loop
00:10:21.575 [JavaFX Application Thread] DEBUG LoopRunner           - Initializing JavaFX AnimationTimerLoop
00:10:21.576 [JavaFX Application Thread] DEBUG GameApplicationServi - Starting new game
00:10:21.577 [JavaFX Application Thread] DEBUG Input                - Clearing active input actions
00:10:21.579 [FXGL Background Thread 4 ] DEBUG FXGLAssetLoaderServi - Loading from file system: jar:file:/C:/Users/31611/.m2/repository/com/github/almasb/fxgl/17.2/fxgl-17.2.jar!/fxglassets/ui/fonts/Courier-Prime.ttf
00:10:21.586 [JavaFX Application Thread] DEBUG GameApplicationServi - Removing overlay from FXGLStartupScene and adding to FXGLLoadingScene
00:10:21.587 [JavaFX Application Thread] DEBUG PrimaryStageWindow   - FXGLStartupScene -> FXGLLoadingScene
00:10:21.587 [JavaFX Application Thread] DEBUG GameApplicationServi - Clearing previous game
00:10:21.587 [JavaFX Application Thread] DEBUG GameScene            - Clearing game scene
00:10:21.587 [JavaFX Application Thread] DEBUG GameWorld            - Clearing game world
00:10:21.587 [JavaFX Application Thread] DEBUG PhysicsWorld         - Clearing physics world
00:10:21.588 [FXGL Background Thread 1 ] DEBUG FXGLApplication      - Initializing game
00:10:21.624 [JavaFX Application Thread] DEBUG FXGLApplication      - Registering font factories with UI factory
00:10:21.628 [FXGL Background Thread 1 ] WARN  TMXLevelLoader       - TiledMap generated from 1.10.1. Supported version: 1.9.0. Some features may not be parsed fully.
00:10:21.638 [FXGL Background Thread 1 ] DEBUG TMXLevelLoader       - Parsed TiledMap: file:/C:/Users/31611/IdeaProjects/challengeweekSE-goed/target/classes/assets/levels/tmx/lostvikings_test.tmx
00:10:21.639 [FXGL Background Thread 1 ] DEBUG TMXLevelLoader       - Creating tile layer entities
00:10:21.641 [FXGL Background Thread 1 ] DEBUG TilesetLoader        - Loading view for layer Tile Layer 1
00:10:21.643 [FXGL Background Thread 1 ] DEBUG TilesetLoader        - Created buffer with size 1080.0x1080.0
00:10:21.650 [FXGL Background Thread 1 ] DEBUG TMXLevelLoader       - Creating object layer entities
00:10:21.663 [FXGL Background Thread 1 ] DEBUG FXGLAssetLoaderServi - Loading from file system: file:/C:/Users/31611/IdeaProjects/challengeweekSE-goed/target/classes/assets/textures/zombie.png
00:10:21.671 [FXGL Background Thread 1 ] DEBUG GameWorld            - Clearing removable entities
00:10:21.673 [FXGL Background Thread 1 ] DEBUG GameWorld            - Setting level: com.almasb.fxgl.entity.level.Level@21a1ee01
00:10:21.678 [FXGL Background Thread 1 ] DEBUG FXGLAssetLoaderServi - Loading from file system: file:/C:/Users/31611/IdeaProjects/challengeweekSE-goed/target/classes/assets/textures/shieldguy.png
00:10:21.682 [FXGL Background Thread 1 ] DEBUG FXGLAssetLoaderServi - Loading from file system: file:/C:/Users/31611/IdeaProjects/challengeweekSE-goed/target/classes/assets/textures/rangeguy.png
00:10:21.687 [FXGL Background Thread 1 ] INFO  FXGLApplication      - Game initialization took: 0,098 sec
00:10:21.695 [JavaFX Application Thread] DEBUG Input                - Clearing active input actions
00:10:21.702 [JavaFX Application Thread] DEBUG GameApplicationServi - Removing overlay from FXGLLoadingScene and adding to GameScene
00:10:21.702 [JavaFX Application Thread] DEBUG PrimaryStageWindow   - FXGLLoadingScene -> GameScene
00:10:21.838 [FXGL Background Thread 2 ] INFO  UpdaterService       - Your current version:  17.2
00:10:21.838 [FXGL Background Thread 2 ] INFO  UpdaterService       - Latest stable version: 17.3
00:10:24.521 [FXGL Background Thread 3 ] DEBUG Engine               - Logging environment variables
00:10:24.521 [FXGL Background Thread 3 ] DEBUG Engine               - achievements: []
00:10:24.521 [FXGL Background Thread 3 ] DEBUG Engine               - actualHeight: 1080.0
00:10:24.521 [FXGL Background Thread 3 ] DEBUG Engine               - actualHeightProperty: ReadOnlyDoubleProperty [value: 1080.0]
00:10:24.521 [FXGL Background Thread 3 ] DEBUG Engine               - actualWidth: 1080.0
00:10:24.521 [FXGL Background Thread 3 ] DEBUG Engine               - actualWidthProperty: ReadOnlyDoubleProperty [value: 1080.0]
00:10:24.521 [FXGL Background Thread 3 ] DEBUG Engine               - appIcon: fxgl_icon.png
00:10:24.521 [FXGL Background Thread 3 ] DEBUG Engine               - applicationMode: DEVELOPER
00:10:24.521 [FXGL Background Thread 3 ] DEBUG Engine               - cSSList: [fxgl_dark.css]
00:10:24.521 [FXGL Background Thread 3 ] DEBUG Engine               - collisionDetectionStrategy: BRUTE_FORCE
00:10:24.521 [FXGL Background Thread 3 ] DEBUG Engine               - configClass: Optional.empty
00:10:24.522 [FXGL Background Thread 3 ] DEBUG Engine               - credits: []
00:10:24.522 [FXGL Background Thread 3 ] DEBUG Engine               - defaultCursor: CursorInfo(imageName=fxgl_default_cursor.png, hotspotX=7.0, hotspotY=6.0)
00:10:24.522 [FXGL Background Thread 3 ] DEBUG Engine               - devBBoxColorProperty: ObjectProperty [value: 0xff0000ff]
00:10:24.522 [FXGL Background Thread 3 ] DEBUG Engine               - devEnableDebugCameraProperty: BooleanProperty [value: false]
00:10:24.522 [FXGL Background Thread 3 ] DEBUG Engine               - devSensorColorProperty: ObjectProperty [value: 0xffff00ff]
00:10:24.522 [FXGL Background Thread 3 ] DEBUG Engine               - devShowBBoxProperty: BooleanProperty [value: false]
00:10:24.522 [FXGL Background Thread 3 ] DEBUG Engine               - devShowPositionProperty: BooleanProperty [value: false]
00:10:24.522 [FXGL Background Thread 3 ] DEBUG Engine               - enabledMenuItems: []
00:10:24.522 [FXGL Background Thread 3 ] DEBUG Engine               - engineServices: [class com.almasb.fxgl.app.services.FXGLAssetLoaderService, class com.almasb.fxgl.app.FXGLApplication$GameApplicationService, class com.almasb.fxgl.app.services.FXGLDialogService, class com.almasb.fxgl.app.services.IOTaskExecutorService, class com.almasb.fxgl.io.FileSystemService, class com.almasb.fxgl.localization.LocalizationService, class com.almasb.fxgl.app.services.SystemBundleService, class com.almasb.fxgl.profile.SaveLoadService, class com.almasb.fxgl.ui.FXGLUIFactoryServiceProvider, class com.almasb.fxgl.ui.FXGLDialogFactoryServiceProvider, class com.almasb.fxgl.audio.AudioPlayer, class com.almasb.fxgl.notification.impl.NotificationServiceProvider, class com.almasb.fxgl.achievement.AchievementService, class com.almasb.fxgl.cutscene.CutsceneService, class com.almasb.fxgl.minigames.MiniGameService, class com.almasb.fxgl.net.NetService, class com.almasb.fxgl.app.services.UpdaterService, class com.almasb.fxgl.dev.DevService]
00:10:24.522 [FXGL Background Thread 3 ] DEBUG Engine               - fontGame: Abel-Regular.ttf
00:10:24.522 [FXGL Background Thread 3 ] DEBUG Engine               - fontMono: TerminalLandMono-Regular.otf
00:10:24.522 [FXGL Background Thread 3 ] DEBUG Engine               - fontText: Courier-Prime.ttf
00:10:24.522 [FXGL Background Thread 3 ] DEBUG Engine               - fontUI: VarelaRound-Regular.ttf
00:10:24.522 [FXGL Background Thread 3 ] DEBUG Engine               - fullScreen: BooleanProperty [value: false]
00:10:24.522 [FXGL Background Thread 3 ] DEBUG Engine               - gameDifficulty: MEDIUM
00:10:24.522 [FXGL Background Thread 3 ] DEBUG Engine               - gameDifficultyProperty: ObjectProperty [value: MEDIUM]
00:10:24.522 [FXGL Background Thread 3 ] DEBUG Engine               - globalMusicVolume: 0.5
00:10:24.523 [FXGL Background Thread 3 ] DEBUG Engine               - globalMusicVolumeProperty: DoubleProperty [value: 0.5]
00:10:24.523 [FXGL Background Thread 3 ] DEBUG Engine               - globalSoundVolume: 0.5
00:10:24.523 [FXGL Background Thread 3 ] DEBUG Engine               - globalSoundVolumeProperty: DoubleProperty [value: 0.5]
00:10:24.523 [FXGL Background Thread 3 ] DEBUG Engine               - height: 1080
00:10:24.523 [FXGL Background Thread 3 ] DEBUG Engine               - is3D: false
00:10:24.523 [FXGL Background Thread 3 ] DEBUG Engine               - isAndroid: false
00:10:24.523 [FXGL Background Thread 3 ] DEBUG Engine               - isBrowser: false
00:10:24.523 [FXGL Background Thread 3 ] DEBUG Engine               - isClickFeedbackEnabled: false
00:10:24.523 [FXGL Background Thread 3 ] DEBUG Engine               - isCloseConfirmation: false
00:10:24.523 [FXGL Background Thread 3 ] DEBUG Engine               - isDesktop: true
00:10:24.523 [FXGL Background Thread 3 ] DEBUG Engine               - isDeveloperMenuEnabled: false
00:10:24.523 [FXGL Background Thread 3 ] DEBUG Engine               - isEmbedded: false
00:10:24.523 [FXGL Background Thread 3 ] DEBUG Engine               - isEntityPreloadEnabled: true
00:10:24.523 [FXGL Background Thread 3 ] DEBUG Engine               - isExperimentalTiledLargeMap: false
00:10:24.523 [FXGL Background Thread 3 ] DEBUG Engine               - isFileSystemWriteAllowed: true
00:10:24.523 [FXGL Background Thread 3 ] DEBUG Engine               - isFullScreenAllowed: false
00:10:24.523 [FXGL Background Thread 3 ] DEBUG Engine               - isFullScreenFromStart: false
00:10:24.523 [FXGL Background Thread 3 ] DEBUG Engine               - isGameMenuEnabled: true
00:10:24.523 [FXGL Background Thread 3 ] DEBUG Engine               - isIOS: false
00:10:24.523 [FXGL Background Thread 3 ] DEBUG Engine               - isIntroEnabled: false
00:10:24.523 [FXGL Background Thread 3 ] DEBUG Engine               - isLinux: false
00:10:24.523 [FXGL Background Thread 3 ] DEBUG Engine               - isMac: false
00:10:24.523 [FXGL Background Thread 3 ] DEBUG Engine               - isMainMenuEnabled: false
00:10:24.523 [FXGL Background Thread 3 ] DEBUG Engine               - isManualResizeEnabled: false
00:10:24.523 [FXGL Background Thread 3 ] DEBUG Engine               - isMobile: false
00:10:24.523 [FXGL Background Thread 3 ] DEBUG Engine               - isNative: false
00:10:24.523 [FXGL Background Thread 3 ] DEBUG Engine               - isPauseMusicWhenMinimized: true
00:10:24.524 [FXGL Background Thread 3 ] DEBUG Engine               - isPreserveResizeRatio: false
00:10:24.524 [FXGL Background Thread 3 ] DEBUG Engine               - isProfilingEnabled: false
00:10:24.524 [FXGL Background Thread 3 ] DEBUG Engine               - isScaleAffectedOnResize: true
00:10:24.524 [FXGL Background Thread 3 ] DEBUG Engine               - isSingleStep: false
00:10:24.524 [FXGL Background Thread 3 ] DEBUG Engine               - isUserProfileEnabled: false
00:10:24.524 [FXGL Background Thread 3 ] DEBUG Engine               - isWindows: true
00:10:24.524 [FXGL Background Thread 3 ] DEBUG Engine               - language: ObjectProperty [value: ENGLISH]
00:10:24.524 [FXGL Background Thread 3 ] DEBUG Engine               - menuKey: ESCAPE
00:10:24.524 [FXGL Background Thread 3 ] DEBUG Engine               - mouseSensitivity: 0.2
00:10:24.524 [FXGL Background Thread 3 ] DEBUG Engine               - notificationViewClass: class com.almasb.fxgl.notification.view.XboxNotificationView
00:10:24.524 [FXGL Background Thread 3 ] DEBUG Engine               - pixelsPerMeter: 50.0
00:10:24.524 [FXGL Background Thread 3 ] DEBUG Engine               - platform: WINDOWS
00:10:24.524 [FXGL Background Thread 3 ] DEBUG Engine               - prefHeightProperty: ReadOnlyDoubleProperty [value: 1080.0]
00:10:24.524 [FXGL Background Thread 3 ] DEBUG Engine               - prefWidthProperty: ReadOnlyDoubleProperty [value: 1080.0]
00:10:24.524 [FXGL Background Thread 3 ] DEBUG Engine               - profileDir: profiles/
00:10:24.524 [FXGL Background Thread 3 ] DEBUG Engine               - profileName: StringProperty [value: DEFAULT]
00:10:24.524 [FXGL Background Thread 3 ] DEBUG Engine               - randomSeed: -1
00:10:24.525 [FXGL Background Thread 3 ] DEBUG Engine               - runtimeInfo: RuntimeInfo(platform=WINDOWS, version=17.2, build=20.08.2022 16.50)
00:10:24.525 [FXGL Background Thread 3 ] DEBUG Engine               - saveFileExt: sav
00:10:24.525 [FXGL Background Thread 3 ] DEBUG Engine               - scaledHeightProp$fxgl: DoubleProperty [bound, value: 1080.0]
00:10:24.525 [FXGL Background Thread 3 ] DEBUG Engine               - scaledWidthProp$fxgl: DoubleProperty [bound, value: 1080.0]
00:10:24.525 [FXGL Background Thread 3 ] DEBUG Engine               - sceneFactory: com.almasb.fxgl.app.scene.SceneFactory@2c13b2ba
00:10:24.525 [FXGL Background Thread 3 ] DEBUG Engine               - secondsIn24h: 60
00:10:24.525 [FXGL Background Thread 3 ] DEBUG Engine               - soundMenuBack: menu/back.wav
00:10:24.525 [FXGL Background Thread 3 ] DEBUG Engine               - soundMenuPress: menu/press.wav
00:10:24.525 [FXGL Background Thread 3 ] DEBUG Engine               - soundMenuSelect: menu/select.wav
00:10:24.525 [FXGL Background Thread 3 ] DEBUG Engine               - soundNotification: core/notification.wav
00:10:24.525 [FXGL Background Thread 3 ] DEBUG Engine               - stageStyle: DECORATED
00:10:24.525 [FXGL Background Thread 3 ] DEBUG Engine               - supportedLanguages: [ENGLISH, FRENCH, GERMAN, HUNGARIAN, RUSSIAN]
00:10:24.525 [FXGL Background Thread 3 ] DEBUG Engine               - ticksPerSecond: -1
00:10:24.525 [FXGL Background Thread 3 ] DEBUG Engine               - title: Dinsdag 12:25
00:10:24.525 [FXGL Background Thread 3 ] DEBUG Engine               - urlGithub: https://github.com/AlmasB/FXGL
00:10:24.525 [FXGL Background Thread 3 ] DEBUG Engine               - urlLeaderboard: http://fxgl-top.herokuapp.com/
00:10:24.525 [FXGL Background Thread 3 ] DEBUG Engine               - urlPOM: https://raw.githubusercontent.com/AlmasB/FXGL/release/README.md
00:10:24.525 [FXGL Background Thread 3 ] DEBUG Engine               - userAppClass: class com.example.challengeweeksegoed.Game
00:10:24.525 [FXGL Background Thread 3 ] DEBUG Engine               - version: 1.3
00:10:24.525 [FXGL Background Thread 3 ] DEBUG Engine               - versionCheckDays: 7
00:10:24.525 [FXGL Background Thread 3 ] DEBUG Engine               - width: 1080
00:10:24.525 [FXGL Background Thread 3 ] DEBUG Engine               - Logging services
00:10:24.525 [FXGL Background Thread 3 ] DEBUG Engine               - class com.almasb.fxgl.app.services.FXGLAssetLoaderService
00:10:24.525 [FXGL Background Thread 3 ] DEBUG Engine               - class com.almasb.fxgl.app.FXGLApplication$GameApplicationService
00:10:24.526 [FXGL Background Thread 3 ] DEBUG Engine               - class com.almasb.fxgl.app.services.FXGLDialogService
00:10:24.526 [FXGL Background Thread 3 ] DEBUG Engine               - class com.almasb.fxgl.app.services.IOTaskExecutorService
00:10:24.526 [FXGL Background Thread 3 ] DEBUG Engine               - class com.almasb.fxgl.io.FileSystemService
00:10:24.526 [FXGL Background Thread 3 ] DEBUG Engine               - class com.almasb.fxgl.localization.LocalizationService
00:10:24.526 [FXGL Background Thread 3 ] DEBUG Engine               - class com.almasb.fxgl.app.services.SystemBundleService
00:10:24.526 [FXGL Background Thread 3 ] DEBUG Engine               - class com.almasb.fxgl.profile.SaveLoadService
00:10:24.526 [FXGL Background Thread 3 ] DEBUG Engine               - class com.almasb.fxgl.ui.FXGLUIFactoryServiceProvider
00:10:24.526 [FXGL Background Thread 3 ] DEBUG Engine               - class com.almasb.fxgl.ui.FXGLDialogFactoryServiceProvider
00:10:24.526 [FXGL Background Thread 3 ] DEBUG Engine               - class com.almasb.fxgl.audio.AudioPlayer
00:10:24.526 [FXGL Background Thread 3 ] DEBUG Engine               - class com.almasb.fxgl.notification.impl.NotificationServiceProvider
00:10:24.526 [FXGL Background Thread 3 ] DEBUG Engine               - class com.almasb.fxgl.achievement.AchievementService
00:10:24.526 [FXGL Background Thread 3 ] DEBUG Engine               - class com.almasb.fxgl.cutscene.CutsceneService
00:10:24.526 [FXGL Background Thread 3 ] DEBUG Engine               - class com.almasb.fxgl.minigames.MiniGameService
00:10:24.526 [FXGL Background Thread 3 ] DEBUG Engine               - class com.almasb.fxgl.net.NetService
00:10:24.526 [FXGL Background Thread 3 ] DEBUG Engine               - class com.almasb.fxgl.app.services.UpdaterService
00:10:24.526 [FXGL Background Thread 3 ] DEBUG Engine               - class com.almasb.fxgl.dev.DevService
00:10:31.017 [JavaFX Application Thread] DEBUG FXGLApplication      - Exiting FXGL
00:10:31.017 [JavaFX Application Thread] DEBUG LoopRunner           - Stopping loop
00:10:31.017 [JavaFX Application Thread] DEBUG SystemBundleService  - Saving FXGL system data
00:10:31.019 [JavaFX Application Thread] DEBUG FileSystemAccess     - Writing to: C:\Users\31611\IdeaProjects\challengeweekSE-goed\system\fxgl.bundle
00:10:31.021 [JavaFX Application Thread] DEBUG Async                - Shutting down background threads
00:10:31.021 [JavaFX Application Thread] DEBUG PrimaryStageWindow   - Closing main window
00:10:31.032 [JavaFX Application Thread] DEBUG Logger               - Closing Logger
